[2017.06.09 09:33:36] [DEBUG] [SUCCESS] func test_child_write_log() OK 1, 1111 [src/test_log.c] [34]
[2017.06.09 09:33:36] [DEBUG] [SUCCESS] func test_child_write_log() OK 1, 1111 [src/test_log.c] [34]
[2017.06.09 09:33:36] [DEBUG] [SUCCESS] func test_child_write_log() OK 1, 1111 [src/test_log.c] [34]
[2017.06.09 09:33:36] [DEBUG] [SUCCESS] func test_child_write_log() OK 1, 1111 [src/test_log.c] [34]
[2017.06.09 09:33:36] [DEBUG] [SUCCESS] func test_child_write_log() OK 1, 1111 [src/test_log.c] [34]
[2017.06.09 09:33:36] [DEBUG] [SUCCESS] func test_child_write_log() OK 1, 1111 [src/test_log.c] [34]
[2017.06.09 09:33:36] [DEBUG] [SUCCESS] func test_child_write_log() OK 1, 1111 [src/test_log.c] [34]
[2017.06.09 09:33:36] [DEBUG] [SUCCESS] func test_child_write_log() OK 1, 1111 [src/test_log.c] [34]
[2017.06.09 09:33:36] [DEBUG] [SUCCESS] func test_child_write_log() OK 1, 1111 [src/test_log.c] [34]
[2017.06.09 09:33:36] [DEBUG] [SUCCESS] func test_child_write_log() OK 1, 1111 [src/test_log.c] [34]
[2017.06.09 09:33:36] [DEBUG] [SUCCESS] func test_child_write_log() OK 1, 1111 [src/test_log.c] [34]
[2017.06.09 09:33:36] [DEBUG] [ERRNO is 2] func test_child_write_log_two() OK 2, 2222 [src/test_log.c] [43]
[2017.06.09 09:33:36] [DEBUG] [ERRNO is 2] func test_child_write_log_two() OK 2, 2222 [src/test_log.c] [43]
[2017.06.09 09:33:36] [DEBUG] [ERRNO is 2] func test_child_write_log_two() OK 2, 2222 [src/test_log.c] [43]
[2017.06.09 09:33:36] [DEBUG] [ERRNO is 2] func test_child_write_log_two() OK 2, 2222 [src/test_log.c] [43]
[2017.06.09 09:33:36] [DEBUG] [ERRNO is 2] func test_child_write_log_two() OK 2, 2222 [src/test_log.c] [43]
[2017.06.09 09:33:36] [DEBUG] [ERRNO is 2] func test_child_write_log_two() OK 2, 2222 [src/test_log.c] [43]
[2017.06.09 09:33:36] [DEBUG] [ERRNO is 2] func test_child_write_log_two() OK 2, 2222 [src/test_log.c] [43]
[2017.06.09 09:33:36] [DEBUG] [ERRNO is 2] func test_child_write_log_two() OK 2, 2222 [src/test_log.c] [43]
[2017.06.09 09:33:36] [DEBUG] [ERRNO is 2] func test_child_write_log_two() OK 2, 2222 [src/test_log.c] [43]
[2017.06.09 09:33:36] [DEBUG] [ERRNO is 2] func test_child_write_log_two() OK 2, 2222 [src/test_log.c] [43]
[2017.06.09 09:33:36] [DEBUG] [ERRNO is 2] func test_child_write_log_two() OK 2, 2222 [src/test_log.c] [43]
[2017.06.09 09:33:36] [DEBUG] [SUCCESS] func test_child_write_log() OK 1, 1111 [src/test_log.c] [34]
[2017.06.09 09:33:36] [DEBUG] [SUCCESS] func test_child_write_log() OK 1, 1111 [src/test_log.c] [34]
[2017.06.09 09:33:36] [DEBUG] [SUCCESS] func test_child_write_log() OK 1, 1111 [src/test_log.c] [34]
[2017.06.09 09:33:36] [DEBUG] [SUCCESS] func test_child_write_log() OK 1, 1111 [src/test_log.c] [34]
[2017.06.09 09:33:36] [DEBUG] [ERRNO is 2] func test_child_write_log_two() OK 2, 2222 [src/test_log.c] [43]
[2017.06.09 09:33:36] [DEBUG] [SUCCESS] func test_child_write_log() OK 1, 1111 [src/test_log.c] [34]
[2017.06.09 09:33:36] [DEBUG] [ERRNO is 2] func test_child_write_log_two() OK 2, 2222 [src/test_log.c] [43]
[2017.06.09 09:33:36] [DEBUG] [SUCCESS] func test_child_write_log() OK 1, 1111 [src/test_log.c] [34]
[2017.06.09 09:33:36] [DEBUG] [ERRNO is 2] func test_child_write_log_two() OK 2, 2222 [src/test_log.c] [43]
[2017.06.09 09:33:36] [DEBUG] [SUCCESS] func test_child_write_log() OK 1, 1111 [src/test_log.c] [34]
[2017.06.09 09:33:36] [DEBUG] [ERRNO is 2] func test_child_write_log_two() OK 2, 2222 [src/test_log.c] [43]
[2017.06.09 09:33:36] [DEBUG] [ERRNO is 2] func test_child_write_log_two() OK 2, 2222 [src/test_log.c] [43]
[2017.06.09 09:33:36] [DEBUG] [ERRNO is 2] func test_child_write_log_two() OK 2, 2222 [src/test_log.c] [43]
[2017.06.09 09:33:36] [DEBUG] [ERRNO is 2] func test_child_write_log_two() OK 2, 2222 [src/test_log.c] [43]
[2017.06.09 09:33:36] [DEBUG] [SUCCESS] func test_child_write_log() OK 1, 1111 [src/test_log.c] [34]
[2017.06.09 09:33:36] [DEBUG] [SUCCESS] func test_child_write_log() OK 1, 1111 [src/test_log.c] [34]
[2017.06.09 09:33:36] [DEBUG] [ERRNO is 2] func test_child_write_log_two() OK 2, 2222 [src/test_log.c] [43]
[2017.06.09 09:33:36] [DEBUG] [ERRNO is 2] func test_child_write_log_two() OK 2, 2222 [src/test_log.c] [43]
[2017.06.09 09:33:36] [DEBUG] [ERRNO is 2] func test_child_write_log_two() OK 2, 2222 [src/test_log.c] [43]
[2017.06.09 09:33:36] [DEBUG] [ERRNO is 2] func test_child_write_log_two() OK 2, 2222 [src/test_log.c] [43]
[2017.06.09 09:33:36] [DEBUG] [ERRNO is 2] func test_child_write_log_two() OK 2, 2222 [src/test_log.c] [43]
[2017.06.09 09:33:36] [DEBUG] [ERRNO is 2] func test_child_write_log_two() OK 2, 2222 [src/test_log.c] [43]
[2017.06.09 09:33:36] [DEBUG] [ERRNO is 2] func test_child_write_log_two() OK 2, 2222 [src/test_log.c] [43]
[2017.06.09 09:33:36] [DEBUG] [ERRNO is 2] func test_child_write_log_two() OK 2, 2222 [src/test_log.c] [43]
[2017.06.09 09:33:36] [DEBUG] [ERRNO is 2] func test_child_write_log_two() OK 2, 2222 [src/test_log.c] [43]
[2017.06.09 09:33:36] [DEBUG] [ERRNO is 2] func test_child_write_log_two() OK 2, 2222 [src/test_log.c] [43]
[2017.06.09 09:33:36] [DEBUG] [ERRNO is 2] func test_child_write_log_two() OK 2, 2222 [src/test_log.c] [43]
[2017.06.09 09:33:36] [DEBUG] [ERRNO is 2] func test_child_write_log_two() OK 2, 2222 [src/test_log.c] [43]
[2017.06.09 09:33:36] [DEBUG] [ERRNO is 3] func test_child_write_log_three() OK 3, 3333 [src/test_log.c] [53]
[2017.06.09 09:33:36] [DEBUG] [ERRNO is 3] func test_child_write_log_three() OK 3, 3333 [src/test_log.c] [53]
[2017.06.09 09:33:36] [DEBUG] [ERRNO is 3] func test_child_write_log_three() OK 3, 3333 [src/test_log.c] [53]
[2017.06.09 09:33:36] [DEBUG] [ERRNO is 3] func test_child_write_log_three() OK 3, 3333 [src/test_log.c] [53]
[2017.06.09 09:33:36] [DEBUG] [ERRNO is 3] func test_child_write_log_three() OK 3, 3333 [src/test_log.c] [53]
[2017.06.09 09:33:36] [DEBUG] [ERRNO is 3] func test_child_write_log_three() OK 3, 3333 [src/test_log.c] [53]
[2017.06.09 09:33:36] [DEBUG] [ERRNO is 3] func test_child_write_log_three() OK 3, 3333 [src/test_log.c] [53]
[2017.06.09 09:33:36] [DEBUG] [ERRNO is 3] func test_child_write_log_three() OK 3, 3333 [src/test_log.c] [53]
[2017.06.09 09:33:36] [DEBUG] [ERRNO is 4] func test_child_write_log_four() OK 4, 4444 [src/test_log.c] [61]
[2017.06.09 09:33:36] [DEBUG] [ERRNO is 4] func test_child_write_log_four() OK 4, 4444 [src/test_log.c] [61]
[2017.06.09 09:33:36] [DEBUG] [ERRNO is 3] func test_child_write_log_three() OK 3, 3333 [src/test_log.c] [53]
[2017.06.09 09:33:36] [DEBUG] [ERRNO is 4] func test_child_write_log_four() OK 4, 4444 [src/test_log.c] [61]
[2017.06.09 09:33:36] [DEBUG] [ERRNO is 3] func test_child_write_log_three() OK 3, 3333 [src/test_log.c] [53]
[2017.06.09 09:33:36] [DEBUG] [ERRNO is 4] func test_child_write_log_four() OK 4, 4444 [src/test_log.c] [61]
[2017.06.09 09:33:36] [DEBUG] [ERRNO is 4] func test_child_write_log_four() OK 4, 4444 [src/test_log.c] [61]
[2017.06.09 09:33:36] [DEBUG] [ERRNO is 4] func test_child_write_log_four() OK 4, 4444 [src/test_log.c] [61]
[2017.06.09 09:33:36] [DEBUG] [ERRNO is 4] func test_child_write_log_four() OK 4, 4444 [src/test_log.c] [61]
[2017.06.09 09:33:36] [DEBUG] [ERRNO is 4] func test_child_write_log_four() OK 4, 4444 [src/test_log.c] [61]
[2017.06.09 09:33:36] [DEBUG] [ERRNO is 4] func test_child_write_log_four() OK 4, 4444 [src/test_log.c] [61]
[2017.06.09 09:33:36] [DEBUG] [ERRNO is 4] func test_child_write_log_four() OK 4, 4444 [src/test_log.c] [61]
[2017.06.09 09:33:36] [DEBUG] [ERRNO is 4] func test_child_write_log_four() OK 4, 4444 [src/test_log.c] [61]
[2017.06.09 09:33:36] [DEBUG] [ERRNO is 4] func test_child_write_log_four() OK 4, 4444 [src/test_log.c] [61]
[2017.06.09 09:33:36] [DEBUG] [ERRNO is 4] func test_child_write_log_four() OK 4, 4444 [src/test_log.c] [61]
[2017.06.09 09:33:36] [DEBUG] [ERRNO is 4] func test_child_write_log_four() OK 4, 4444 [src/test_log.c] [61]
[2017.06.09 09:33:36] [DEBUG] [ERRNO is 4] func test_child_write_log_four() OK 4, 4444 [src/test_log.c] [61]
[2017.06.09 09:33:36] [DEBUG] [ERRNO is 4] func test_child_write_log_four() OK 4, 4444 [src/test_log.c] [61]
[2017.06.09 09:33:36] [DEBUG] [ERRNO is 4] func test_child_write_log_four() OK 4, 4444 [src/test_log.c] [61]
[2017.06.09 09:33:36] [DEBUG] [ERRNO is 4] func test_child_write_log_four() OK 4, 4444 [src/test_log.c] [61]
[2017.06.09 09:33:36] [DEBUG] [ERRNO is 4] func test_child_write_log_four() OK 4, 4444 [src/test_log.c] [61]
[2017.06.09 09:33:36] [DEBUG] [ERRNO is 4] func test_child_write_log_four() OK 4, 4444 [src/test_log.c] [61]
[2017.06.09 09:33:36] [DEBUG] [ERRNO is 5] func test_child_write_log_five() OK 5, 5555 [src/test_log.c] [69]
[2017.06.09 09:33:36] [DEBUG] [ERRNO is 5] func test_child_write_log_five() OK 5, 5555 [src/test_log.c] [69]
[2017.06.09 09:33:36] [DEBUG] [ERRNO is 5] func test_child_write_log_five() OK 5, 5555 [src/test_log.c] [69]
[2017.06.09 09:33:36] [DEBUG] [ERRNO is 5] func test_child_write_log_five() OK 5, 5555 [src/test_log.c] [69]
[2017.06.09 09:33:36] [DEBUG] [ERRNO is 5] func test_child_write_log_five() OK 5, 5555 [src/test_log.c] [69]
[2017.06.09 09:33:36] [DEBUG] [ERRNO is 5] func test_child_write_log_five() OK 5, 5555 [src/test_log.c] [69]
[2017.06.09 09:33:36] [DEBUG] [ERRNO is 5] func test_child_write_log_five() OK 5, 5555 [src/test_log.c] [69]
[2017.06.09 09:33:36] [DEBUG] [ERRNO is 5] func test_child_write_log_five() OK 5, 5555 [src/test_log.c] [69]
[2017.06.09 09:33:36] [DEBUG] [ERRNO is 5] func test_child_write_log_five() OK 5, 5555 [src/test_log.c] [69]
[2017.06.09 09:33:36] [DEBUG] [ERRNO is 5] func test_child_write_log_five() OK 5, 5555 [src/test_log.c] [69]
[2017.06.09 09:33:36] [DEBUG] [ERRNO is 5] func test_child_write_log_five() OK 5, 5555 [src/test_log.c] [69]
[2017.06.09 09:33:36] [DEBUG] [ERRNO is 5] func test_child_write_log_five() OK 5, 5555 [src/test_log.c] [69]
[2017.06.09 09:33:36] [DEBUG] [ERRNO is 5] func test_child_write_log_five() OK 5, 5555 [src/test_log.c] [69]
[2017.06.09 09:33:36] [DEBUG] [ERRNO is 5] func test_child_write_log_five() OK 5, 5555 [src/test_log.c] [69]
[2017.06.09 09:33:36] [DEBUG] [ERRNO is 5] func test_child_write_log_five() OK 5, 5555 [src/test_log.c] [69]
[2017.06.09 09:33:36] [DEBUG] [ERRNO is 2] func test_child_write_log_six() OK 6, 6666 [src/test_log.c] [78]
[2017.06.09 09:33:36] [DEBUG] [ERRNO is 2] func test_child_write_log_six() OK 6, 6666 [src/test_log.c] [78]
[2017.06.09 09:33:36] [DEBUG] [ERRNO is 2] func test_child_write_log_six() OK 6, 6666 [src/test_log.c] [78]
[2017.06.09 09:33:36] [DEBUG] [ERRNO is 2] func test_child_write_log_six() OK 6, 6666 [src/test_log.c] [78]
[2017.06.09 09:33:36] [DEBUG] [ERRNO is 2] func test_child_write_log_six() OK 6, 6666 [src/test_log.c] [78]
[2017.06.09 09:33:37] [DEBUG] [SUCCESS] func test_child_write_log() OK 1, 1111 [src/test_log.c] [34]
[2017.06.09 09:33:37] [DEBUG] [SUCCESS] func test_child_write_log() OK 1, 1111 [src/test_log.c] [34]
[2017.06.09 09:33:37] [DEBUG] [SUCCESS] func test_child_write_log() OK 1, 1111 [src/test_log.c] [34]
[2017.06.09 09:33:37] [DEBUG] [SUCCESS] func test_child_write_log() OK 1, 1111 [src/test_log.c] [34]
[2017.06.09 09:33:37] [DEBUG] [SUCCESS] func test_child_write_log() OK 1, 1111 [src/test_log.c] [34]
[2017.06.09 09:33:37] [DEBUG] [SUCCESS] func test_child_write_log() OK 1, 1111 [src/test_log.c] [34]
[2017.06.09 09:33:37] [DEBUG] [SUCCESS] func test_child_write_log() OK 1, 1111 [src/test_log.c] [34]
[2017.06.09 09:33:37] [DEBUG] [SUCCESS] func test_child_write_log() OK 1, 1111 [src/test_log.c] [34]
[2017.06.09 09:33:37] [DEBUG] [SUCCESS] func test_child_write_log() OK 1, 1111 [src/test_log.c] [34]
[2017.06.09 09:33:37] [DEBUG] [SUCCESS] func test_child_write_log() OK 1, 1111 [src/test_log.c] [34]
[2017.06.09 09:33:37] [DEBUG] [SUCCESS] func test_child_write_log() OK 1, 1111 [src/test_log.c] [34]
[2017.06.09 09:33:37] [DEBUG] [ERRNO is 2] func test_child_write_log_two() OK 2, 2222 [src/test_log.c] [43]
[2017.06.09 09:33:37] [DEBUG] [ERRNO is 3] func test_child_write_log_three() OK 3, 3333 [src/test_log.c] [53]
[2017.06.09 09:33:37] [DEBUG] [ERRNO is 2] func test_child_write_log_two() OK 2, 2222 [src/test_log.c] [43]
[2017.06.09 09:33:37] [DEBUG] [ERRNO is 2] func test_child_write_log_two() OK 2, 2222 [src/test_log.c] [43]
[2017.06.09 09:33:37] [DEBUG] [ERRNO is 2] func test_child_write_log_two() OK 2, 2222 [src/test_log.c] [43]
[2017.06.09 09:33:37] [DEBUG] [ERRNO is 2] func test_child_write_log_two() OK 2, 2222 [src/test_log.c] [43]
[2017.06.09 09:33:37] [DEBUG] [ERRNO is 2] func test_child_write_log_two() OK 2, 2222 [src/test_log.c] [43]
[2017.06.09 09:33:37] [DEBUG] [ERRNO is 2] func test_child_write_log_two() OK 2, 2222 [src/test_log.c] [43]
[2017.06.09 09:33:37] [DEBUG] [ERRNO is 2] func test_child_write_log_two() OK 2, 2222 [src/test_log.c] [43]
[2017.06.09 09:33:37] [DEBUG] [ERRNO is 2] func test_child_write_log_two() OK 2, 2222 [src/test_log.c] [43]
[2017.06.09 09:33:37] [DEBUG] [ERRNO is 2] func test_child_write_log_two() OK 2, 2222 [src/test_log.c] [43]
[2017.06.09 09:33:37] [DEBUG] [ERRNO is 2] func test_child_write_log_two() OK 2, 2222 [src/test_log.c] [43]
[2017.06.09 09:33:37] [DEBUG] [ERRNO is 2] func test_child_write_log_two() OK 2, 2222 [src/test_log.c] [43]
[2017.06.09 09:33:37] [DEBUG] [ERRNO is 2] func test_child_write_log_two() OK 2, 2222 [src/test_log.c] [43]
[2017.06.09 09:33:37] [DEBUG] [SUCCESS] func test_child_write_log() OK 1, 1111 [src/test_log.c] [34]
[2017.06.09 09:33:37] [DEBUG] [ERRNO is 2] func test_child_write_log_two() OK 2, 2222 [src/test_log.c] [43]
[2017.06.09 09:33:37] [DEBUG] [SUCCESS] func test_child_write_log() OK 1, 1111 [src/test_log.c] [34]
[2017.06.09 09:33:37] [DEBUG] [ERRNO is 2] func test_child_write_log_two() OK 2, 2222 [src/test_log.c] [43]
[2017.06.09 09:33:37] [DEBUG] [SUCCESS] func test_child_write_log() OK 1, 1111 [src/test_log.c] [34]
[2017.06.09 09:33:37] [DEBUG] [SUCCESS] func test_child_write_log() OK 1, 1111 [src/test_log.c] [34]
[2017.06.09 09:33:37] [DEBUG] [SUCCESS] func test_child_write_log() OK 1, 1111 [src/test_log.c] [34]
[2017.06.09 09:33:37] [DEBUG] [SUCCESS] func test_child_write_log() OK 1, 1111 [src/test_log.c] [34]
[2017.06.09 09:33:37] [DEBUG] [ERRNO is 2] func test_child_write_log_two() OK 2, 2222 [src/test_log.c] [43]
[2017.06.09 09:33:37] [DEBUG] [ERRNO is 2] func test_child_write_log_two() OK 2, 2222 [src/test_log.c] [43]
[2017.06.09 09:33:37] [DEBUG] [SUCCESS] func test_child_write_log() OK 1, 1111 [src/test_log.c] [34]
[2017.06.09 09:33:37] [DEBUG] [ERRNO is 2] func test_child_write_log_two() OK 2, 2222 [src/test_log.c] [43]
[2017.06.09 09:33:37] [DEBUG] [ERRNO is 2] func test_child_write_log_two() OK 2, 2222 [src/test_log.c] [43]
[2017.06.09 09:33:37] [DEBUG] [ERRNO is 2] func test_child_write_log_two() OK 2, 2222 [src/test_log.c] [43]
[2017.06.09 09:33:37] [DEBUG] [ERRNO is 2] func test_child_write_log_two() OK 2, 2222 [src/test_log.c] [43]
[2017.06.09 09:33:37] [DEBUG] [SUCCESS] func test_child_write_log() OK 1, 1111 [src/test_log.c] [34]
[2017.06.09 09:33:37] [DEBUG] [ERRNO is 2] func test_child_write_log_two() OK 2, 2222 [src/test_log.c] [43]
[2017.06.09 09:33:37] [DEBUG] [ERRNO is 2] func test_child_write_log_two() OK 2, 2222 [src/test_log.c] [43]
[2017.06.09 09:33:37] [DEBUG] [ERRNO is 2] func test_child_write_log_two() OK 2, 2222 [src/test_log.c] [43]
[2017.06.09 09:33:37] [DEBUG] [ERRNO is 2] func test_child_write_log_two() OK 2, 2222 [src/test_log.c] [43]
[2017.06.09 09:33:37] [DEBUG] [ERRNO is 2] func test_child_write_log_two() OK 2, 2222 [src/test_log.c] [43]
[2017.06.09 09:33:37] [DEBUG] [ERRNO is 2] func test_child_write_log_two() OK 2, 2222 [src/test_log.c] [43]
[2017.06.09 09:33:37] [DEBUG] [SUCCESS] func test_child_write_log() OK 1, 1111 [src/test_log.c] [34]
[2017.06.09 09:33:37] [DEBUG] [ERRNO is 2] func test_child_write_log_two() OK 2, 2222 [src/test_log.c] [43]
[2017.06.09 09:33:37] [DEBUG] [ERRNO is 2] func test_child_write_log_two() OK 2, 2222 [src/test_log.c] [43]
[2017.06.09 09:33:37] [DEBUG] [ERRNO is 3] func test_child_write_log_three() OK 3, 3333 [src/test_log.c] [53]
[2017.06.09 09:33:37] [DEBUG] [ERRNO is 2] func test_child_write_log_two() OK 2, 2222 [src/test_log.c] [43]
[2017.06.09 09:33:37] [DEBUG] [ERRNO is 3] func test_child_write_log_three() OK 3, 3333 [src/test_log.c] [53]
[2017.06.09 09:33:37] [DEBUG] [ERRNO is 3] func test_child_write_log_three() OK 3, 3333 [src/test_log.c] [53]
[2017.06.09 09:33:37] [DEBUG] [ERRNO is 3] func test_child_write_log_three() OK 3, 3333 [src/test_log.c] [53]
[2017.06.09 09:33:37] [DEBUG] [ERRNO is 3] func test_child_write_log_three() OK 3, 3333 [src/test_log.c] [53]
[2017.06.09 09:33:37] [DEBUG] [ERRNO is 4] func test_child_write_log_four() OK 4, 4444 [src/test_log.c] [61]
[2017.06.09 09:33:37] [DEBUG] [ERRNO is 4] func test_child_write_log_four() OK 4, 4444 [src/test_log.c] [61]
[2017.06.09 09:33:37] [DEBUG] [ERRNO is 4] func test_child_write_log_four() OK 4, 4444 [src/test_log.c] [61]
[2017.06.09 09:33:37] [DEBUG] [ERRNO is 4] func test_child_write_log_four() OK 4, 4444 [src/test_log.c] [61]
[2017.06.09 09:33:37] [DEBUG] [ERRNO is 4] func test_child_write_log_four() OK 4, 4444 [src/test_log.c] [61]
[2017.06.09 09:33:37] [DEBUG] [ERRNO is 4] func test_child_write_log_four() OK 4, 4444 [src/test_log.c] [61]
[2017.06.09 09:33:37] [DEBUG] [ERRNO is 3] func test_child_write_log_three() OK 3, 3333 [src/test_log.c] [53]
[2017.06.09 09:33:37] [DEBUG] [ERRNO is 4] func test_child_write_log_four() OK 4, 4444 [src/test_log.c] [61]
[2017.06.09 09:33:37] [DEBUG] [ERRNO is 4] func test_child_write_log_four() OK 4, 4444 [src/test_log.c] [61]
[2017.06.09 09:33:37] [DEBUG] [ERRNO is 4] func test_child_write_log_four() OK 4, 4444 [src/test_log.c] [61]
[2017.06.09 09:33:37] [DEBUG] [ERRNO is 4] func test_child_write_log_four() OK 4, 4444 [src/test_log.c] [61]
[2017.06.09 09:33:37] [DEBUG] [ERRNO is 4] func test_child_write_log_four() OK 4, 4444 [src/test_log.c] [61]
[2017.06.09 09:33:37] [DEBUG] [ERRNO is 3] func test_child_write_log_three() OK 3, 3333 [src/test_log.c] [53]
[2017.06.09 09:33:37] [DEBUG] [ERRNO is 4] func test_child_write_log_four() OK 4, 4444 [src/test_log.c] [61]
[2017.06.09 09:33:37] [DEBUG] [ERRNO is 4] func test_child_write_log_four() OK 4, 4444 [src/test_log.c] [61]
[2017.06.09 09:33:37] [DEBUG] [ERRNO is 3] func test_child_write_log_three() OK 3, 3333 [src/test_log.c] [53]
[2017.06.09 09:33:37] [DEBUG] [ERRNO is 4] func test_child_write_log_four() OK 4, 4444 [src/test_log.c] [61]
[2017.06.09 09:33:37] [DEBUG] [ERRNO is 4] func test_child_write_log_four() OK 4, 4444 [src/test_log.c] [61]
[2017.06.09 09:33:37] [DEBUG] [ERRNO is 4] func test_child_write_log_four() OK 4, 4444 [src/test_log.c] [61]
[2017.06.09 09:33:37] [DEBUG] [ERRNO is 4] func test_child_write_log_four() OK 4, 4444 [src/test_log.c] [61]
[2017.06.09 09:33:37] [DEBUG] [ERRNO is 4] func test_child_write_log_four() OK 4, 4444 [src/test_log.c] [61]
[2017.06.09 09:33:37] [DEBUG] [ERRNO is 4] func test_child_write_log_four() OK 4, 4444 [src/test_log.c] [61]
[2017.06.09 09:33:37] [DEBUG] [ERRNO is 4] func test_child_write_log_four() OK 4, 4444 [src/test_log.c] [61]
[2017.06.09 09:33:37] [DEBUG] [ERRNO is 5] func test_child_write_log_five() OK 5, 5555 [src/test_log.c] [69]
[2017.06.09 09:33:37] [DEBUG] [ERRNO is 5] func test_child_write_log_five() OK 5, 5555 [src/test_log.c] [69]
[2017.06.09 09:33:37] [DEBUG] [ERRNO is 5] func test_child_write_log_five() OK 5, 5555 [src/test_log.c] [69]
[2017.06.09 09:33:37] [DEBUG] [ERRNO is 5] func test_child_write_log_five() OK 5, 5555 [src/test_log.c] [69]
[2017.06.09 09:33:37] [DEBUG] [ERRNO is 5] func test_child_write_log_five() OK 5, 5555 [src/test_log.c] [69]
[2017.06.09 09:33:37] [DEBUG] [ERRNO is 3] func test_child_write_log_three() OK 3, 3333 [src/test_log.c] [53]
[2017.06.09 09:33:37] [DEBUG] [ERRNO is 5] func test_child_write_log_five() OK 5, 5555 [src/test_log.c] [69]
[2017.06.09 09:33:37] [DEBUG] [ERRNO is 5] func test_child_write_log_five() OK 5, 5555 [src/test_log.c] [69]
[2017.06.09 09:33:37] [DEBUG] [ERRNO is 5] func test_child_write_log_five() OK 5, 5555 [src/test_log.c] [69]
[2017.06.09 09:33:37] [DEBUG] [ERRNO is 5] func test_child_write_log_five() OK 5, 5555 [src/test_log.c] [69]
[2017.06.09 09:33:37] [DEBUG] [ERRNO is 5] func test_child_write_log_five() OK 5, 5555 [src/test_log.c] [69]
[2017.06.09 09:33:37] [DEBUG] [ERRNO is 5] func test_child_write_log_five() OK 5, 5555 [src/test_log.c] [69]
[2017.06.09 09:33:37] [DEBUG] [ERRNO is 2] func test_child_write_log_six() OK 6, 6666 [src/test_log.c] [78]
[2017.06.09 09:33:37] [DEBUG] [ERRNO is 5] func test_child_write_log_five() OK 5, 5555 [src/test_log.c] [69]
[2017.06.09 09:33:37] [DEBUG] [ERRNO is 2] func test_child_write_log_six() OK 6, 6666 [src/test_log.c] [78]
[2017.06.09 09:33:37] [DEBUG] [ERRNO is 2] func test_child_write_log_six() OK 6, 6666 [src/test_log.c] [78]
[2017.06.09 09:33:37] [DEBUG] [ERRNO is 2] func test_child_write_log_six() OK 6, 6666 [src/test_log.c] [78]
[2017.06.09 09:33:37] [DEBUG] [ERRNO is 2] func test_child_write_log_six() OK 6, 6666 [src/test_log.c] [78]
[2017.06.09 09:33:37] [DEBUG] [ERRNO is 5] func test_child_write_log_five() OK 5, 5555 [src/test_log.c] [69]
[2017.06.09 09:33:37] [DEBUG] [ERRNO is 5] func test_child_write_log_five() OK 5, 5555 [src/test_log.c] [69]
[2017.06.09 09:33:37] [DEBUG] [ERRNO is 5] func test_child_write_log_five() OK 5, 5555 [src/test_log.c] [69]
[2017.06.09 09:33:38] [DEBUG] [SUCCESS] func test_child_write_log() OK 1, 1111 [src/test_log.c] [34]
[2017.06.09 09:33:38] [DEBUG] [SUCCESS] func test_child_write_log() OK 1, 1111 [src/test_log.c] [34]
[2017.06.09 09:33:38] [DEBUG] [SUCCESS] func test_child_write_log() OK 1, 1111 [src/test_log.c] [34]
[2017.06.09 09:33:38] [DEBUG] [SUCCESS] func test_child_write_log() OK 1, 1111 [src/test_log.c] [34]
[2017.06.09 09:33:38] [DEBUG] [ERRNO is 2] func test_child_write_log_two() OK 2, 2222 [src/test_log.c] [43]
[2017.06.09 09:33:38] [DEBUG] [ERRNO is 2] func test_child_write_log_two() OK 2, 2222 [src/test_log.c] [43]
[2017.06.09 09:33:38] [DEBUG] [SUCCESS] func test_child_write_log() OK 1, 1111 [src/test_log.c] [34]
[2017.06.09 09:33:38] [DEBUG] [ERRNO is 2] func test_child_write_log_two() OK 2, 2222 [src/test_log.c] [43]
[2017.06.09 09:33:38] [DEBUG] [ERRNO is 2] func test_child_write_log_two() OK 2, 2222 [src/test_log.c] [43]
[2017.06.09 09:33:38] [DEBUG] [ERRNO is 2] func test_child_write_log_two() OK 2, 2222 [src/test_log.c] [43]
[2017.06.09 09:33:38] [DEBUG] [ERRNO is 2] func test_child_write_log_two() OK 2, 2222 [src/test_log.c] [43]
[2017.06.09 09:33:38] [DEBUG] [SUCCESS] func test_child_write_log() OK 1, 1111 [src/test_log.c] [34]
[2017.06.09 09:33:38] [DEBUG] [ERRNO is 2] func test_child_write_log_two() OK 2, 2222 [src/test_log.c] [43]
[2017.06.09 09:33:38] [DEBUG] [ERRNO is 2] func test_child_write_log_two() OK 2, 2222 [src/test_log.c] [43]
[2017.06.09 09:33:38] [DEBUG] [ERRNO is 2] func test_child_write_log_two() OK 2, 2222 [src/test_log.c] [43]
[2017.06.09 09:33:38] [DEBUG] [ERRNO is 2] func test_child_write_log_two() OK 2, 2222 [src/test_log.c] [43]
[2017.06.09 09:33:38] [DEBUG] [ERRNO is 2] func test_child_write_log_two() OK 2, 2222 [src/test_log.c] [43]
[2017.06.09 09:33:38] [DEBUG] [ERRNO is 2] func test_child_write_log_two() OK 2, 2222 [src/test_log.c] [43]
[2017.06.09 09:33:38] [DEBUG] [ERRNO is 2] func test_child_write_log_two() OK 2, 2222 [src/test_log.c] [43]
[2017.06.09 09:33:38] [DEBUG] [ERRNO is 2] func test_child_write_log_two() OK 2, 2222 [src/test_log.c] [43]
[2017.06.09 09:33:38] [DEBUG] [ERRNO is 3] func test_child_write_log_three() OK 3, 3333 [src/test_log.c] [53]
[2017.06.09 09:33:38] [DEBUG] [SUCCESS] func test_child_write_log() OK 1, 1111 [src/test_log.c] [34]
[2017.06.09 09:33:38] [DEBUG] [SUCCESS] func test_child_write_log() OK 1, 1111 [src/test_log.c] [34]
[2017.06.09 09:33:38] [DEBUG] [ERRNO is 2] func test_child_write_log_two() OK 2, 2222 [src/test_log.c] [43]
[2017.06.09 09:33:38] [DEBUG] [SUCCESS] func test_child_write_log() OK 1, 1111 [src/test_log.c] [34]
[2017.06.09 09:33:38] [DEBUG] [ERRNO is 2] func test_child_write_log_two() OK 2, 2222 [src/test_log.c] [43]
[2017.06.09 09:33:38] [DEBUG] [ERRNO is 2] func test_child_write_log_two() OK 2, 2222 [src/test_log.c] [43]
[2017.06.09 09:33:38] [DEBUG] [ERRNO is 2] func test_child_write_log_two() OK 2, 2222 [src/test_log.c] [43]
[2017.06.09 09:33:38] [DEBUG] [ERRNO is 2] func test_child_write_log_two() OK 2, 2222 [src/test_log.c] [43]
[2017.06.09 09:33:38] [DEBUG] [ERRNO is 2] func test_child_write_log_two() OK 2, 2222 [src/test_log.c] [43]
[2017.06.09 09:33:38] [DEBUG] [ERRNO is 2] func test_child_write_log_two() OK 2, 2222 [src/test_log.c] [43]
[2017.06.09 09:33:38] [DEBUG] [ERRNO is 2] func test_child_write_log_two() OK 2, 2222 [src/test_log.c] [43]
[2017.06.09 09:33:38] [DEBUG] [ERRNO is 2] func test_child_write_log_two() OK 2, 2222 [src/test_log.c] [43]
[2017.06.09 09:33:38] [DEBUG] [SUCCESS] func test_child_write_log() OK 1, 1111 [src/test_log.c] [34]
[2017.06.09 09:33:38] [DEBUG] [SUCCESS] func test_child_write_log() OK 1, 1111 [src/test_log.c] [34]
[2017.06.09 09:33:38] [DEBUG] [ERRNO is 2] func test_child_write_log_two() OK 2, 2222 [src/test_log.c] [43]
[2017.06.09 09:33:38] [DEBUG] [SUCCESS] func test_child_write_log() OK 1, 1111 [src/test_log.c] [34]
[2017.06.09 09:33:38] [DEBUG] [SUCCESS] func test_child_write_log() OK 1, 1111 [src/test_log.c] [34]
[2017.06.09 09:33:38] [DEBUG] [SUCCESS] func test_child_write_log() OK 1, 1111 [src/test_log.c] [34]
[2017.06.09 09:33:38] [DEBUG] [ERRNO is 2] func test_child_write_log_two() OK 2, 2222 [src/test_log.c] [43]
[2017.06.09 09:33:38] [DEBUG] [ERRNO is 2] func test_child_write_log_two() OK 2, 2222 [src/test_log.c] [43]
[2017.06.09 09:33:38] [DEBUG] [ERRNO is 2] func test_child_write_log_two() OK 2, 2222 [src/test_log.c] [43]
[2017.06.09 09:33:38] [DEBUG] [SUCCESS] func test_child_write_log() OK 1, 1111 [src/test_log.c] [34]
[2017.06.09 09:33:38] [DEBUG] [ERRNO is 3] func test_child_write_log_three() OK 3, 3333 [src/test_log.c] [53]
[2017.06.09 09:33:38] [DEBUG] [SUCCESS] func test_child_write_log() OK 1, 1111 [src/test_log.c] [34]
[2017.06.09 09:33:38] [DEBUG] [SUCCESS] func test_child_write_log() OK 1, 1111 [src/test_log.c] [34]
[2017.06.09 09:33:38] [DEBUG] [SUCCESS] func test_child_write_log() OK 1, 1111 [src/test_log.c] [34]
[2017.06.09 09:33:38] [DEBUG] [ERRNO is 2] func test_child_write_log_two() OK 2, 2222 [src/test_log.c] [43]
[2017.06.09 09:33:38] [DEBUG] [ERRNO is 2] func test_child_write_log_two() OK 2, 2222 [src/test_log.c] [43]
[2017.06.09 09:33:38] [DEBUG] [SUCCESS] func test_child_write_log() OK 1, 1111 [src/test_log.c] [34]
[2017.06.09 09:33:38] [DEBUG] [SUCCESS] func test_child_write_log() OK 1, 1111 [src/test_log.c] [34]
[2017.06.09 09:33:38] [DEBUG] [ERRNO is 2] func test_child_write_log_two() OK 2, 2222 [src/test_log.c] [43]
[2017.06.09 09:33:38] [DEBUG] [ERRNO is 3] func test_child_write_log_three() OK 3, 3333 [src/test_log.c] [53]
[2017.06.09 09:33:38] [DEBUG] [ERRNO is 3] func test_child_write_log_three() OK 3, 3333 [src/test_log.c] [53]
[2017.06.09 09:33:38] [DEBUG] [ERRNO is 4] func test_child_write_log_four() OK 4, 4444 [src/test_log.c] [61]
[2017.06.09 09:33:38] [DEBUG] [ERRNO is 4] func test_child_write_log_four() OK 4, 4444 [src/test_log.c] [61]
[2017.06.09 09:33:38] [DEBUG] [ERRNO is 4] func test_child_write_log_four() OK 4, 4444 [src/test_log.c] [61]
[2017.06.09 09:33:38] [DEBUG] [ERRNO is 4] func test_child_write_log_four() OK 4, 4444 [src/test_log.c] [61]
[2017.06.09 09:33:38] [DEBUG] [ERRNO is 4] func test_child_write_log_four() OK 4, 4444 [src/test_log.c] [61]
[2017.06.09 09:33:38] [DEBUG] [ERRNO is 4] func test_child_write_log_four() OK 4, 4444 [src/test_log.c] [61]
[2017.06.09 09:33:38] [DEBUG] [ERRNO is 4] func test_child_write_log_four() OK 4, 4444 [src/test_log.c] [61]
[2017.06.09 09:33:38] [DEBUG] [ERRNO is 4] func test_child_write_log_four() OK 4, 4444 [src/test_log.c] [61]
[2017.06.09 09:33:38] [DEBUG] [ERRNO is 4] func test_child_write_log_four() OK 4, 4444 [src/test_log.c] [61]
[2017.06.09 09:33:38] [DEBUG] [ERRNO is 4] func test_child_write_log_four() OK 4, 4444 [src/test_log.c] [61]
[2017.06.09 09:33:38] [DEBUG] [ERRNO is 4] func test_child_write_log_four() OK 4, 4444 [src/test_log.c] [61]
[2017.06.09 09:33:38] [DEBUG] [ERRNO is 3] func test_child_write_log_three() OK 3, 3333 [src/test_log.c] [53]
[2017.06.09 09:33:38] [DEBUG] [ERRNO is 4] func test_child_write_log_four() OK 4, 4444 [src/test_log.c] [61]
[2017.06.09 09:33:38] [DEBUG] [ERRNO is 5] func test_child_write_log_five() OK 5, 5555 [src/test_log.c] [69]
[2017.06.09 09:33:38] [DEBUG] [ERRNO is 5] func test_child_write_log_five() OK 5, 5555 [src/test_log.c] [69]
[2017.06.09 09:33:38] [DEBUG] [ERRNO is 5] func test_child_write_log_five() OK 5, 5555 [src/test_log.c] [69]
[2017.06.09 09:33:38] [DEBUG] [ERRNO is 5] func test_child_write_log_five() OK 5, 5555 [src/test_log.c] [69]
[2017.06.09 09:33:38] [DEBUG] [ERRNO is 5] func test_child_write_log_five() OK 5, 5555 [src/test_log.c] [69]
[2017.06.09 09:33:38] [DEBUG] [ERRNO is 5] func test_child_write_log_five() OK 5, 5555 [src/test_log.c] [69]
[2017.06.09 09:33:38] [DEBUG] [ERRNO is 2] func test_child_write_log_six() OK 6, 6666 [src/test_log.c] [78]
[2017.06.09 09:33:38] [DEBUG] [ERRNO is 4] func test_child_write_log_four() OK 4, 4444 [src/test_log.c] [61]
[2017.06.09 09:33:38] [DEBUG] [ERRNO is 3] func test_child_write_log_three() OK 3, 3333 [src/test_log.c] [53]
[2017.06.09 09:33:38] [DEBUG] [ERRNO is 3] func test_child_write_log_three() OK 3, 3333 [src/test_log.c] [53]
[2017.06.09 09:33:38] [DEBUG] [ERRNO is 2] func test_child_write_log_six() OK 6, 6666 [src/test_log.c] [78]
[2017.06.09 09:33:38] [DEBUG] [ERRNO is 2] func test_child_write_log_six() OK 6, 6666 [src/test_log.c] [78]
[2017.06.09 09:33:38] [DEBUG] [ERRNO is 5] func test_child_write_log_five() OK 5, 5555 [src/test_log.c] [69]
[2017.06.09 09:33:38] [DEBUG] [ERRNO is 3] func test_child_write_log_three() OK 3, 3333 [src/test_log.c] [53]
[2017.06.09 09:33:38] [DEBUG] [ERRNO is 2] func test_child_write_log_six() OK 6, 6666 [src/test_log.c] [78]
[2017.06.09 09:33:38] [DEBUG] [ERRNO is 5] func test_child_write_log_five() OK 5, 5555 [src/test_log.c] [69]
[2017.06.09 09:33:38] [DEBUG] [ERRNO is 5] func test_child_write_log_five() OK 5, 5555 [src/test_log.c] [69]
[2017.06.09 09:33:38] [DEBUG] [ERRNO is 4] func test_child_write_log_four() OK 4, 4444 [src/test_log.c] [61]
[2017.06.09 09:33:38] [DEBUG] [ERRNO is 5] func test_child_write_log_five() OK 5, 5555 [src/test_log.c] [69]
[2017.06.09 09:33:38] [DEBUG] [ERRNO is 4] func test_child_write_log_four() OK 4, 4444 [src/test_log.c] [61]
[2017.06.09 09:33:38] [DEBUG] [ERRNO is 5] func test_child_write_log_five() OK 5, 5555 [src/test_log.c] [69]
[2017.06.09 09:33:38] [DEBUG] [ERRNO is 4] func test_child_write_log_four() OK 4, 4444 [src/test_log.c] [61]
[2017.06.09 09:33:38] [DEBUG] [ERRNO is 5] func test_child_write_log_five() OK 5, 5555 [src/test_log.c] [69]
[2017.06.09 09:33:38] [DEBUG] [ERRNO is 5] func test_child_write_log_five() OK 5, 5555 [src/test_log.c] [69]
[2017.06.09 09:33:38] [DEBUG] [ERRNO is 4] func test_child_write_log_four() OK 4, 4444 [src/test_log.c] [61]
[2017.06.09 09:33:38] [DEBUG] [ERRNO is 5] func test_child_write_log_five() OK 5, 5555 [src/test_log.c] [69]
[2017.06.09 09:33:38] [DEBUG] [ERRNO is 4] func test_child_write_log_four() OK 4, 4444 [src/test_log.c] [61]
[2017.06.09 09:33:38] [DEBUG] [ERRNO is 3] func test_child_write_log_three() OK 3, 3333 [src/test_log.c] [53]
[2017.06.09 09:33:38] [DEBUG] [ERRNO is 3] func test_child_write_log_three() OK 3, 3333 [src/test_log.c] [53]
[2017.06.09 09:33:38] [DEBUG] [ERRNO is 4] func test_child_write_log_four() OK 4, 4444 [src/test_log.c] [61]
[2017.06.09 09:33:38] [DEBUG] [ERRNO is 4] func test_child_write_log_four() OK 4, 4444 [src/test_log.c] [61]
[2017.06.09 09:33:38] [DEBUG] [ERRNO is 2] func test_child_write_log_six() OK 6, 6666 [src/test_log.c] [78]
[2017.06.09 09:33:38] [DEBUG] [ERRNO is 5] func test_child_write_log_five() OK 5, 5555 [src/test_log.c] [69]
[2017.06.09 09:33:39] [DEBUG] [SUCCESS] func test_child_write_log() OK 1, 1111 [src/test_log.c] [34]
[2017.06.09 09:33:39] [DEBUG] [SUCCESS] func test_child_write_log() OK 1, 1111 [src/test_log.c] [34]
[2017.06.09 09:33:39] [DEBUG] [SUCCESS] func test_child_write_log() OK 1, 1111 [src/test_log.c] [34]
[2017.06.09 09:33:39] [DEBUG] [ERRNO is 2] func test_child_write_log_two() OK 2, 2222 [src/test_log.c] [43]
[2017.06.09 09:33:39] [DEBUG] [ERRNO is 2] func test_child_write_log_two() OK 2, 2222 [src/test_log.c] [43]
[2017.06.09 09:33:39] [DEBUG] [ERRNO is 2] func test_child_write_log_two() OK 2, 2222 [src/test_log.c] [43]
[2017.06.09 09:33:39] [DEBUG] [SUCCESS] func test_child_write_log() OK 1, 1111 [src/test_log.c] [34]
[2017.06.09 09:33:39] [DEBUG] [SUCCESS] func test_child_write_log() OK 1, 1111 [src/test_log.c] [34]
[2017.06.09 09:33:39] [DEBUG] [SUCCESS] func test_child_write_log() OK 1, 1111 [src/test_log.c] [34]
[2017.06.09 09:33:39] [DEBUG] [SUCCESS] func test_child_write_log() OK 1, 1111 [src/test_log.c] [34]
[2017.06.09 09:33:39] [DEBUG] [SUCCESS] func test_child_write_log() OK 1, 1111 [src/test_log.c] [34]
[2017.06.09 09:33:39] [DEBUG] [ERRNO is 2] func test_child_write_log_two() OK 2, 2222 [src/test_log.c] [43]
[2017.06.09 09:33:39] [DEBUG] [SUCCESS] func test_child_write_log() OK 1, 1111 [src/test_log.c] [34]
[2017.06.09 09:33:39] [DEBUG] [SUCCESS] func test_child_write_log() OK 1, 1111 [src/test_log.c] [34]
[2017.06.09 09:33:39] [DEBUG] [ERRNO is 2] func test_child_write_log_two() OK 2, 2222 [src/test_log.c] [43]
[2017.06.09 09:33:39] [DEBUG] [SUCCESS] func test_child_write_log() OK 1, 1111 [src/test_log.c] [34]
[2017.06.09 09:33:39] [DEBUG] [ERRNO is 2] func test_child_write_log_two() OK 2, 2222 [src/test_log.c] [43]
[2017.06.09 09:33:39] [DEBUG] [ERRNO is 2] func test_child_write_log_two() OK 2, 2222 [src/test_log.c] [43]
[2017.06.09 09:33:39] [DEBUG] [ERRNO is 2] func test_child_write_log_two() OK 2, 2222 [src/test_log.c] [43]
[2017.06.09 09:33:39] [DEBUG] [SUCCESS] func test_child_write_log() OK 1, 1111 [src/test_log.c] [34]
[2017.06.09 09:33:39] [DEBUG] [ERRNO is 2] func test_child_write_log_two() OK 2, 2222 [src/test_log.c] [43]
[2017.06.09 09:33:39] [DEBUG] [ERRNO is 2] func test_child_write_log_two() OK 2, 2222 [src/test_log.c] [43]
[2017.06.09 09:33:39] [DEBUG] [ERRNO is 2] func test_child_write_log_two() OK 2, 2222 [src/test_log.c] [43]
[2017.06.09 09:33:39] [DEBUG] [ERRNO is 2] func test_child_write_log_two() OK 2, 2222 [src/test_log.c] [43]
[2017.06.09 09:33:39] [DEBUG] [ERRNO is 3] func test_child_write_log_three() OK 3, 3333 [src/test_log.c] [53]
[2017.06.09 09:33:39] [DEBUG] [ERRNO is 2] func test_child_write_log_two() OK 2, 2222 [src/test_log.c] [43]
[2017.06.09 09:33:39] [DEBUG] [SUCCESS] func test_child_write_log() OK 1, 1111 [src/test_log.c] [34]
[2017.06.09 09:33:39] [DEBUG] [ERRNO is 2] func test_child_write_log_two() OK 2, 2222 [src/test_log.c] [43]
[2017.06.09 09:33:39] [DEBUG] [ERRNO is 2] func test_child_write_log_two() OK 2, 2222 [src/test_log.c] [43]
[2017.06.09 09:33:39] [DEBUG] [ERRNO is 2] func test_child_write_log_two() OK 2, 2222 [src/test_log.c] [43]
[2017.06.09 09:33:39] [DEBUG] [ERRNO is 2] func test_child_write_log_two() OK 2, 2222 [src/test_log.c] [43]
[2017.06.09 09:33:39] [DEBUG] [ERRNO is 2] func test_child_write_log_two() OK 2, 2222 [src/test_log.c] [43]
[2017.06.09 09:33:39] [DEBUG] [ERRNO is 2] func test_child_write_log_two() OK 2, 2222 [src/test_log.c] [43]
[2017.06.09 09:33:39] [DEBUG] [ERRNO is 3] func test_child_write_log_three() OK 3, 3333 [src/test_log.c] [53]
[2017.06.09 09:33:39] [DEBUG] [SUCCESS] func test_child_write_log() OK 1, 1111 [src/test_log.c] [34]
[2017.06.09 09:33:39] [DEBUG] [SUCCESS] func test_child_write_log() OK 1, 1111 [src/test_log.c] [34]
[2017.06.09 09:33:39] [DEBUG] [ERRNO is 2] func test_child_write_log_two() OK 2, 2222 [src/test_log.c] [43]
[2017.06.09 09:33:39] [DEBUG] [SUCCESS] func test_child_write_log() OK 1, 1111 [src/test_log.c] [34]
[2017.06.09 09:33:39] [DEBUG] [ERRNO is 2] func test_child_write_log_two() OK 2, 2222 [src/test_log.c] [43]
[2017.06.09 09:33:39] [DEBUG] [ERRNO is 2] func test_child_write_log_two() OK 2, 2222 [src/test_log.c] [43]
[2017.06.09 09:33:39] [DEBUG] [ERRNO is 2] func test_child_write_log_two() OK 2, 2222 [src/test_log.c] [43]
[2017.06.09 09:33:39] [DEBUG] [ERRNO is 2] func test_child_write_log_two() OK 2, 2222 [src/test_log.c] [43]
[2017.06.09 09:33:39] [DEBUG] [ERRNO is 2] func test_child_write_log_two() OK 2, 2222 [src/test_log.c] [43]
[2017.06.09 09:33:39] [DEBUG] [ERRNO is 2] func test_child_write_log_two() OK 2, 2222 [src/test_log.c] [43]
[2017.06.09 09:33:39] [DEBUG] [SUCCESS] func test_child_write_log() OK 1, 1111 [src/test_log.c] [34]
[2017.06.09 09:33:39] [DEBUG] [ERRNO is 2] func test_child_write_log_two() OK 2, 2222 [src/test_log.c] [43]
[2017.06.09 09:33:39] [DEBUG] [ERRNO is 2] func test_child_write_log_two() OK 2, 2222 [src/test_log.c] [43]
[2017.06.09 09:33:39] [DEBUG] [SUCCESS] func test_child_write_log() OK 1, 1111 [src/test_log.c] [34]
[2017.06.09 09:33:39] [DEBUG] [SUCCESS] func test_child_write_log() OK 1, 1111 [src/test_log.c] [34]
[2017.06.09 09:33:39] [DEBUG] [SUCCESS] func test_child_write_log() OK 1, 1111 [src/test_log.c] [34]
[2017.06.09 09:33:39] [DEBUG] [ERRNO is 2] func test_child_write_log_two() OK 2, 2222 [src/test_log.c] [43]
[2017.06.09 09:33:39] [DEBUG] [ERRNO is 2] func test_child_write_log_two() OK 2, 2222 [src/test_log.c] [43]
[2017.06.09 09:33:39] [DEBUG] [ERRNO is 2] func test_child_write_log_six() OK 6, 6666 [src/test_log.c] [78]
[2017.06.09 09:33:39] [DEBUG] [ERRNO is 5] func test_child_write_log_five() OK 5, 5555 [src/test_log.c] [69]
[2017.06.09 09:33:39] [DEBUG] [ERRNO is 3] func test_child_write_log_three() OK 3, 3333 [src/test_log.c] [53]
[2017.06.09 09:33:39] [DEBUG] [ERRNO is 5] func test_child_write_log_five() OK 5, 5555 [src/test_log.c] [69]
[2017.06.09 09:33:39] [DEBUG] [ERRNO is 5] func test_child_write_log_five() OK 5, 5555 [src/test_log.c] [69]
[2017.06.09 09:33:39] [DEBUG] [ERRNO is 5] func test_child_write_log_five() OK 5, 5555 [src/test_log.c] [69]
[2017.06.09 09:33:39] [DEBUG] [ERRNO is 5] func test_child_write_log_five() OK 5, 5555 [src/test_log.c] [69]
[2017.06.09 09:33:39] [DEBUG] [ERRNO is 5] func test_child_write_log_five() OK 5, 5555 [src/test_log.c] [69]
[2017.06.09 09:33:39] [DEBUG] [ERRNO is 5] func test_child_write_log_five() OK 5, 5555 [src/test_log.c] [69]
[2017.06.09 09:33:39] [DEBUG] [ERRNO is 5] func test_child_write_log_five() OK 5, 5555 [src/test_log.c] [69]
[2017.06.09 09:33:39] [DEBUG] [ERRNO is 3] func test_child_write_log_three() OK 3, 3333 [src/test_log.c] [53]
[2017.06.09 09:33:39] [DEBUG] [ERRNO is 4] func test_child_write_log_four() OK 4, 4444 [src/test_log.c] [61]
[2017.06.09 09:33:39] [DEBUG] [ERRNO is 2] func test_child_write_log_six() OK 6, 6666 [src/test_log.c] [78]
[2017.06.09 09:33:39] [DEBUG] [ERRNO is 2] func test_child_write_log_six() OK 6, 6666 [src/test_log.c] [78]
[2017.06.09 09:33:39] [DEBUG] [ERRNO is 2] func test_child_write_log_six() OK 6, 6666 [src/test_log.c] [78]
[2017.06.09 09:33:39] [DEBUG] [ERRNO is 4] func test_child_write_log_four() OK 4, 4444 [src/test_log.c] [61]
[2017.06.09 09:33:39] [DEBUG] [ERRNO is 4] func test_child_write_log_four() OK 4, 4444 [src/test_log.c] [61]
[2017.06.09 09:33:39] [DEBUG] [ERRNO is 4] func test_child_write_log_four() OK 4, 4444 [src/test_log.c] [61]
[2017.06.09 09:33:39] [DEBUG] [ERRNO is 4] func test_child_write_log_four() OK 4, 4444 [src/test_log.c] [61]
[2017.06.09 09:33:39] [DEBUG] [ERRNO is 4] func test_child_write_log_four() OK 4, 4444 [src/test_log.c] [61]
[2017.06.09 09:33:39] [DEBUG] [ERRNO is 4] func test_child_write_log_four() OK 4, 4444 [src/test_log.c] [61]
[2017.06.09 09:33:39] [DEBUG] [ERRNO is 3] func test_child_write_log_three() OK 3, 3333 [src/test_log.c] [53]
[2017.06.09 09:33:39] [DEBUG] [ERRNO is 4] func test_child_write_log_four() OK 4, 4444 [src/test_log.c] [61]
[2017.06.09 09:33:39] [DEBUG] [ERRNO is 4] func test_child_write_log_four() OK 4, 4444 [src/test_log.c] [61]
[2017.06.09 09:33:39] [DEBUG] [ERRNO is 4] func test_child_write_log_four() OK 4, 4444 [src/test_log.c] [61]
[2017.06.09 09:33:39] [DEBUG] [ERRNO is 4] func test_child_write_log_four() OK 4, 4444 [src/test_log.c] [61]
[2017.06.09 09:33:39] [DEBUG] [ERRNO is 4] func test_child_write_log_four() OK 4, 4444 [src/test_log.c] [61]
[2017.06.09 09:33:39] [DEBUG] [ERRNO is 4] func test_child_write_log_four() OK 4, 4444 [src/test_log.c] [61]
[2017.06.09 09:33:39] [DEBUG] [ERRNO is 4] func test_child_write_log_four() OK 4, 4444 [src/test_log.c] [61]
[2017.06.09 09:33:39] [DEBUG] [ERRNO is 4] func test_child_write_log_four() OK 4, 4444 [src/test_log.c] [61]
[2017.06.09 09:33:39] [DEBUG] [ERRNO is 4] func test_child_write_log_four() OK 4, 4444 [src/test_log.c] [61]
[2017.06.09 09:33:39] [DEBUG] [ERRNO is 4] func test_child_write_log_four() OK 4, 4444 [src/test_log.c] [61]
[2017.06.09 09:33:39] [DEBUG] [ERRNO is 4] func test_child_write_log_four() OK 4, 4444 [src/test_log.c] [61]
[2017.06.09 09:33:39] [DEBUG] [ERRNO is 5] func test_child_write_log_five() OK 5, 5555 [src/test_log.c] [69]
[2017.06.09 09:33:39] [DEBUG] [ERRNO is 5] func test_child_write_log_five() OK 5, 5555 [src/test_log.c] [69]
[2017.06.09 09:33:39] [DEBUG] [ERRNO is 5] func test_child_write_log_five() OK 5, 5555 [src/test_log.c] [69]
[2017.06.09 09:33:39] [DEBUG] [ERRNO is 5] func test_child_write_log_five() OK 5, 5555 [src/test_log.c] [69]
[2017.06.09 09:33:39] [DEBUG] [ERRNO is 5] func test_child_write_log_five() OK 5, 5555 [src/test_log.c] [69]
[2017.06.09 09:33:39] [DEBUG] [ERRNO is 3] func test_child_write_log_three() OK 3, 3333 [src/test_log.c] [53]
[2017.06.09 09:33:39] [DEBUG] [ERRNO is 3] func test_child_write_log_three() OK 3, 3333 [src/test_log.c] [53]
[2017.06.09 09:33:39] [DEBUG] [ERRNO is 5] func test_child_write_log_five() OK 5, 5555 [src/test_log.c] [69]
[2017.06.09 09:33:39] [DEBUG] [ERRNO is 4] func test_child_write_log_four() OK 4, 4444 [src/test_log.c] [61]
[2017.06.09 09:33:39] [DEBUG] [ERRNO is 4] func test_child_write_log_four() OK 4, 4444 [src/test_log.c] [61]
[2017.06.09 09:33:39] [DEBUG] [ERRNO is 3] func test_child_write_log_three() OK 3, 3333 [src/test_log.c] [53]
[2017.06.09 09:33:39] [DEBUG] [ERRNO is 5] func test_child_write_log_five() OK 5, 5555 [src/test_log.c] [69]
[2017.06.09 09:33:39] [DEBUG] [ERRNO is 2] func test_child_write_log_six() OK 6, 6666 [src/test_log.c] [78]
[2017.06.09 09:33:39] [DEBUG] [ERRNO is 3] func test_child_write_log_three() OK 3, 3333 [src/test_log.c] [53]
[2017.06.09 09:33:39] [DEBUG] [ERRNO is 3] func test_child_write_log_three() OK 3, 3333 [src/test_log.c] [53]
[2017.06.09 09:33:40] [DEBUG] [SUCCESS] func test_child_write_log() OK 1, 1111 [src/test_log.c] [34]
[2017.06.09 09:33:40] [DEBUG] [SUCCESS] func test_child_write_log() OK 1, 1111 [src/test_log.c] [34]
[2017.06.09 09:33:40] [DEBUG] [SUCCESS] func test_child_write_log() OK 1, 1111 [src/test_log.c] [34]
[2017.06.09 09:33:40] [DEBUG] [ERRNO is 2] func test_child_write_log_two() OK 2, 2222 [src/test_log.c] [43]
[2017.06.09 09:33:40] [DEBUG] [SUCCESS] func test_child_write_log() OK 1, 1111 [src/test_log.c] [34]
[2017.06.09 09:33:40] [DEBUG] [SUCCESS] func test_child_write_log() OK 1, 1111 [src/test_log.c] [34]
[2017.06.09 09:33:40] [DEBUG] [ERRNO is 2] func test_child_write_log_two() OK 2, 2222 [src/test_log.c] [43]
[2017.06.09 09:33:40] [DEBUG] [SUCCESS] func test_child_write_log() OK 1, 1111 [src/test_log.c] [34]
[2017.06.09 09:33:40] [DEBUG] [SUCCESS] func test_child_write_log() OK 1, 1111 [src/test_log.c] [34]
[2017.06.09 09:33:40] [DEBUG] [SUCCESS] func test_child_write_log() OK 1, 1111 [src/test_log.c] [34]
[2017.06.09 09:33:40] [DEBUG] [SUCCESS] func test_child_write_log() OK 1, 1111 [src/test_log.c] [34]
[2017.06.09 09:33:40] [DEBUG] [ERRNO is 2] func test_child_write_log_two() OK 2, 2222 [src/test_log.c] [43]
[2017.06.09 09:33:40] [DEBUG] [ERRNO is 2] func test_child_write_log_two() OK 2, 2222 [src/test_log.c] [43]
[2017.06.09 09:33:40] [DEBUG] [SUCCESS] func test_child_write_log() OK 1, 1111 [src/test_log.c] [34]
[2017.06.09 09:33:40] [DEBUG] [ERRNO is 2] func test_child_write_log_two() OK 2, 2222 [src/test_log.c] [43]
[2017.06.09 09:33:40] [DEBUG] [SUCCESS] func test_child_write_log() OK 1, 1111 [src/test_log.c] [34]
[2017.06.09 09:33:40] [DEBUG] [ERRNO is 2] func test_child_write_log_two() OK 2, 2222 [src/test_log.c] [43]
[2017.06.09 09:33:40] [DEBUG] [ERRNO is 2] func test_child_write_log_two() OK 2, 2222 [src/test_log.c] [43]
[2017.06.09 09:33:40] [DEBUG] [ERRNO is 2] func test_child_write_log_two() OK 2, 2222 [src/test_log.c] [43]
[2017.06.09 09:33:40] [DEBUG] [SUCCESS] func test_child_write_log() OK 1, 1111 [src/test_log.c] [34]
[2017.06.09 09:33:40] [DEBUG] [ERRNO is 2] func test_child_write_log_two() OK 2, 2222 [src/test_log.c] [43]
[2017.06.09 09:33:40] [DEBUG] [ERRNO is 2] func test_child_write_log_two() OK 2, 2222 [src/test_log.c] [43]
[2017.06.09 09:33:40] [DEBUG] [SUCCESS] func test_child_write_log() OK 1, 1111 [src/test_log.c] [34]
[2017.06.09 09:33:40] [DEBUG] [ERRNO is 2] func test_child_write_log_two() OK 2, 2222 [src/test_log.c] [43]
[2017.06.09 09:33:40] [DEBUG] [ERRNO is 2] func test_child_write_log_two() OK 2, 2222 [src/test_log.c] [43]
[2017.06.09 09:33:40] [DEBUG] [ERRNO is 2] func test_child_write_log_two() OK 2, 2222 [src/test_log.c] [43]
[2017.06.09 09:33:40] [DEBUG] [ERRNO is 2] func test_child_write_log_two() OK 2, 2222 [src/test_log.c] [43]
[2017.06.09 09:33:40] [DEBUG] [ERRNO is 2] func test_child_write_log_two() OK 2, 2222 [src/test_log.c] [43]
[2017.06.09 09:33:40] [DEBUG] [SUCCESS] func test_child_write_log() OK 1, 1111 [src/test_log.c] [34]
[2017.06.09 09:33:40] [DEBUG] [ERRNO is 2] func test_child_write_log_two() OK 2, 2222 [src/test_log.c] [43]
[2017.06.09 09:33:40] [DEBUG] [SUCCESS] func test_child_write_log() OK 1, 1111 [src/test_log.c] [34]
[2017.06.09 09:33:40] [DEBUG] [SUCCESS] func test_child_write_log() OK 1, 1111 [src/test_log.c] [34]
[2017.06.09 09:33:40] [DEBUG] [SUCCESS] func test_child_write_log() OK 1, 1111 [src/test_log.c] [34]
[2017.06.09 09:33:40] [DEBUG] [ERRNO is 2] func test_child_write_log_two() OK 2, 2222 [src/test_log.c] [43]
[2017.06.09 09:33:40] [DEBUG] [ERRNO is 2] func test_child_write_log_two() OK 2, 2222 [src/test_log.c] [43]
[2017.06.09 09:33:40] [DEBUG] [ERRNO is 2] func test_child_write_log_two() OK 2, 2222 [src/test_log.c] [43]
[2017.06.09 09:33:40] [DEBUG] [ERRNO is 2] func test_child_write_log_two() OK 2, 2222 [src/test_log.c] [43]
[2017.06.09 09:33:40] [DEBUG] [SUCCESS] func test_child_write_log() OK 1, 1111 [src/test_log.c] [34]
[2017.06.09 09:33:40] [DEBUG] [ERRNO is 2] func test_child_write_log_two() OK 2, 2222 [src/test_log.c] [43]
[2017.06.09 09:33:40] [DEBUG] [ERRNO is 2] func test_child_write_log_two() OK 2, 2222 [src/test_log.c] [43]
[2017.06.09 09:33:40] [DEBUG] [ERRNO is 3] func test_child_write_log_three() OK 3, 3333 [src/test_log.c] [53]
[2017.06.09 09:33:40] [DEBUG] [ERRNO is 2] func test_child_write_log_two() OK 2, 2222 [src/test_log.c] [43]
[2017.06.09 09:33:40] [DEBUG] [ERRNO is 3] func test_child_write_log_three() OK 3, 3333 [src/test_log.c] [53]
[2017.06.09 09:33:40] [DEBUG] [ERRNO is 2] func test_child_write_log_two() OK 2, 2222 [src/test_log.c] [43]
[2017.06.09 09:33:40] [DEBUG] [ERRNO is 2] func test_child_write_log_two() OK 2, 2222 [src/test_log.c] [43]
[2017.06.09 09:33:40] [DEBUG] [ERRNO is 2] func test_child_write_log_two() OK 2, 2222 [src/test_log.c] [43]
[2017.06.09 09:33:40] [DEBUG] [SUCCESS] func test_child_write_log() OK 1, 1111 [src/test_log.c] [34]
[2017.06.09 09:33:40] [DEBUG] [ERRNO is 2] func test_child_write_log_two() OK 2, 2222 [src/test_log.c] [43]
[2017.06.09 09:33:40] [DEBUG] [SUCCESS] func test_child_write_log() OK 1, 1111 [src/test_log.c] [34]
[2017.06.09 09:33:40] [DEBUG] [ERRNO is 2] func test_child_write_log_two() OK 2, 2222 [src/test_log.c] [43]
[2017.06.09 09:33:40] [DEBUG] [ERRNO is 2] func test_child_write_log_two() OK 2, 2222 [src/test_log.c] [43]
[2017.06.09 09:33:40] [DEBUG] [ERRNO is 2] func test_child_write_log_two() OK 2, 2222 [src/test_log.c] [43]
[2017.06.09 09:33:40] [DEBUG] [ERRNO is 4] func test_child_write_log_four() OK 4, 4444 [src/test_log.c] [61]
[2017.06.09 09:33:40] [DEBUG] [ERRNO is 5] func test_child_write_log_five() OK 5, 5555 [src/test_log.c] [69]
[2017.06.09 09:33:40] [DEBUG] [ERRNO is 4] func test_child_write_log_four() OK 4, 4444 [src/test_log.c] [61]
[2017.06.09 09:33:40] [DEBUG] [ERRNO is 5] func test_child_write_log_five() OK 5, 5555 [src/test_log.c] [69]
[2017.06.09 09:33:40] [DEBUG] [ERRNO is 4] func test_child_write_log_four() OK 4, 4444 [src/test_log.c] [61]
[2017.06.09 09:33:40] [DEBUG] [ERRNO is 5] func test_child_write_log_five() OK 5, 5555 [src/test_log.c] [69]
[2017.06.09 09:33:40] [DEBUG] [ERRNO is 5] func test_child_write_log_five() OK 5, 5555 [src/test_log.c] [69]
[2017.06.09 09:33:40] [DEBUG] [ERRNO is 5] func test_child_write_log_five() OK 5, 5555 [src/test_log.c] [69]
[2017.06.09 09:33:40] [DEBUG] [ERRNO is 5] func test_child_write_log_five() OK 5, 5555 [src/test_log.c] [69]
[2017.06.09 09:33:40] [DEBUG] [ERRNO is 5] func test_child_write_log_five() OK 5, 5555 [src/test_log.c] [69]
[2017.06.09 09:33:40] [DEBUG] [ERRNO is 5] func test_child_write_log_five() OK 5, 5555 [src/test_log.c] [69]
[2017.06.09 09:33:40] [DEBUG] [ERRNO is 5] func test_child_write_log_five() OK 5, 5555 [src/test_log.c] [69]
[2017.06.09 09:33:40] [DEBUG] [ERRNO is 4] func test_child_write_log_four() OK 4, 4444 [src/test_log.c] [61]
[2017.06.09 09:33:40] [DEBUG] [ERRNO is 3] func test_child_write_log_three() OK 3, 3333 [src/test_log.c] [53]
[2017.06.09 09:33:40] [DEBUG] [ERRNO is 3] func test_child_write_log_three() OK 3, 3333 [src/test_log.c] [53]
[2017.06.09 09:33:40] [DEBUG] [ERRNO is 5] func test_child_write_log_five() OK 5, 5555 [src/test_log.c] [69]
[2017.06.09 09:33:40] [DEBUG] [ERRNO is 3] func test_child_write_log_three() OK 3, 3333 [src/test_log.c] [53]
[2017.06.09 09:33:40] [DEBUG] [ERRNO is 3] func test_child_write_log_three() OK 3, 3333 [src/test_log.c] [53]
[2017.06.09 09:33:40] [DEBUG] [ERRNO is 3] func test_child_write_log_three() OK 3, 3333 [src/test_log.c] [53]
[2017.06.09 09:33:40] [DEBUG] [ERRNO is 5] func test_child_write_log_five() OK 5, 5555 [src/test_log.c] [69]
[2017.06.09 09:33:40] [DEBUG] [ERRNO is 4] func test_child_write_log_four() OK 4, 4444 [src/test_log.c] [61]
[2017.06.09 09:33:40] [DEBUG] [ERRNO is 4] func test_child_write_log_four() OK 4, 4444 [src/test_log.c] [61]
[2017.06.09 09:33:40] [DEBUG] [ERRNO is 3] func test_child_write_log_three() OK 3, 3333 [src/test_log.c] [53]
[2017.06.09 09:33:40] [DEBUG] [ERRNO is 4] func test_child_write_log_four() OK 4, 4444 [src/test_log.c] [61]
[2017.06.09 09:33:40] [DEBUG] [ERRNO is 4] func test_child_write_log_four() OK 4, 4444 [src/test_log.c] [61]
[2017.06.09 09:33:40] [DEBUG] [ERRNO is 4] func test_child_write_log_four() OK 4, 4444 [src/test_log.c] [61]
[2017.06.09 09:33:40] [DEBUG] [ERRNO is 5] func test_child_write_log_five() OK 5, 5555 [src/test_log.c] [69]
[2017.06.09 09:33:40] [DEBUG] [ERRNO is 5] func test_child_write_log_five() OK 5, 5555 [src/test_log.c] [69]
[2017.06.09 09:33:40] [DEBUG] [ERRNO is 4] func test_child_write_log_four() OK 4, 4444 [src/test_log.c] [61]
[2017.06.09 09:33:40] [DEBUG] [ERRNO is 4] func test_child_write_log_four() OK 4, 4444 [src/test_log.c] [61]
[2017.06.09 09:33:40] [DEBUG] [ERRNO is 5] func test_child_write_log_five() OK 5, 5555 [src/test_log.c] [69]
[2017.06.09 09:33:40] [DEBUG] [ERRNO is 4] func test_child_write_log_four() OK 4, 4444 [src/test_log.c] [61]
[2017.06.09 09:33:40] [DEBUG] [ERRNO is 4] func test_child_write_log_four() OK 4, 4444 [src/test_log.c] [61]
[2017.06.09 09:33:40] [DEBUG] [ERRNO is 2] func test_child_write_log_six() OK 6, 6666 [src/test_log.c] [78]
[2017.06.09 09:33:40] [DEBUG] [ERRNO is 4] func test_child_write_log_four() OK 4, 4444 [src/test_log.c] [61]
[2017.06.09 09:33:40] [DEBUG] [ERRNO is 4] func test_child_write_log_four() OK 4, 4444 [src/test_log.c] [61]
[2017.06.09 09:33:40] [DEBUG] [ERRNO is 2] func test_child_write_log_six() OK 6, 6666 [src/test_log.c] [78]
[2017.06.09 09:33:40] [DEBUG] [ERRNO is 2] func test_child_write_log_six() OK 6, 6666 [src/test_log.c] [78]
[2017.06.09 09:33:40] [DEBUG] [ERRNO is 5] func test_child_write_log_five() OK 5, 5555 [src/test_log.c] [69]
[2017.06.09 09:33:40] [DEBUG] [ERRNO is 3] func test_child_write_log_three() OK 3, 3333 [src/test_log.c] [53]
[2017.06.09 09:33:40] [DEBUG] [ERRNO is 4] func test_child_write_log_four() OK 4, 4444 [src/test_log.c] [61]
[2017.06.09 09:33:40] [DEBUG] [ERRNO is 2] func test_child_write_log_six() OK 6, 6666 [src/test_log.c] [78]
[2017.06.09 09:33:40] [DEBUG] [ERRNO is 4] func test_child_write_log_four() OK 4, 4444 [src/test_log.c] [61]
[2017.06.09 09:33:40] [DEBUG] [ERRNO is 4] func test_child_write_log_four() OK 4, 4444 [src/test_log.c] [61]
[2017.06.09 09:33:40] [DEBUG] [ERRNO is 2] func test_child_write_log_six() OK 6, 6666 [src/test_log.c] [78]
[2017.06.09 09:33:40] [DEBUG] [ERRNO is 4] func test_child_write_log_four() OK 4, 4444 [src/test_log.c] [61]
[2017.06.09 09:33:40] [DEBUG] [ERRNO is 4] func test_child_write_log_four() OK 4, 4444 [src/test_log.c] [61]
[2017.06.09 09:33:40] [DEBUG] [ERRNO is 3] func test_child_write_log_three() OK 3, 3333 [src/test_log.c] [53]
[2017.06.09 09:33:41] [DEBUG] [SUCCESS] func test_child_write_log() OK 1, 1111 [src/test_log.c] [34]
[2017.06.09 09:33:41] [DEBUG] [SUCCESS] func test_child_write_log() OK 1, 1111 [src/test_log.c] [34]
[2017.06.09 09:33:41] [DEBUG] [SUCCESS] func test_child_write_log() OK 1, 1111 [src/test_log.c] [34]
[2017.06.09 09:33:41] [DEBUG] [ERRNO is 2] func test_child_write_log_two() OK 2, 2222 [src/test_log.c] [43]
[2017.06.09 09:33:41] [DEBUG] [ERRNO is 2] func test_child_write_log_two() OK 2, 2222 [src/test_log.c] [43]
[2017.06.09 09:33:41] [DEBUG] [SUCCESS] func test_child_write_log() OK 1, 1111 [src/test_log.c] [34]
[2017.06.09 09:33:41] [DEBUG] [ERRNO is 2] func test_child_write_log_two() OK 2, 2222 [src/test_log.c] [43]
[2017.06.09 09:33:41] [DEBUG] [ERRNO is 3] func test_child_write_log_three() OK 3, 3333 [src/test_log.c] [53]
[2017.06.09 09:33:41] [DEBUG] [SUCCESS] func test_child_write_log() OK 1, 1111 [src/test_log.c] [34]
[2017.06.09 09:33:41] [DEBUG] [SUCCESS] func test_child_write_log() OK 1, 1111 [src/test_log.c] [34]
[2017.06.09 09:33:41] [DEBUG] [SUCCESS] func test_child_write_log() OK 1, 1111 [src/test_log.c] [34]
[2017.06.09 09:33:41] [DEBUG] [SUCCESS] func test_child_write_log() OK 1, 1111 [src/test_log.c] [34]
[2017.06.09 09:33:41] [DEBUG] [ERRNO is 2] func test_child_write_log_two() OK 2, 2222 [src/test_log.c] [43]
[2017.06.09 09:33:41] [DEBUG] [SUCCESS] func test_child_write_log() OK 1, 1111 [src/test_log.c] [34]
[2017.06.09 09:33:41] [DEBUG] [ERRNO is 2] func test_child_write_log_two() OK 2, 2222 [src/test_log.c] [43]
[2017.06.09 09:33:41] [DEBUG] [ERRNO is 2] func test_child_write_log_two() OK 2, 2222 [src/test_log.c] [43]
[2017.06.09 09:33:41] [DEBUG] [ERRNO is 2] func test_child_write_log_two() OK 2, 2222 [src/test_log.c] [43]
[2017.06.09 09:33:41] [DEBUG] [ERRNO is 2] func test_child_write_log_two() OK 2, 2222 [src/test_log.c] [43]
[2017.06.09 09:33:41] [DEBUG] [ERRNO is 2] func test_child_write_log_two() OK 2, 2222 [src/test_log.c] [43]
[2017.06.09 09:33:41] [DEBUG] [ERRNO is 2] func test_child_write_log_two() OK 2, 2222 [src/test_log.c] [43]
[2017.06.09 09:33:41] [DEBUG] [ERRNO is 2] func test_child_write_log_two() OK 2, 2222 [src/test_log.c] [43]
[2017.06.09 09:33:41] [DEBUG] [ERRNO is 2] func test_child_write_log_two() OK 2, 2222 [src/test_log.c] [43]
[2017.06.09 09:33:41] [DEBUG] [SUCCESS] func test_child_write_log() OK 1, 1111 [src/test_log.c] [34]
[2017.06.09 09:33:41] [DEBUG] [ERRNO is 2] func test_child_write_log_two() OK 2, 2222 [src/test_log.c] [43]
[2017.06.09 09:33:41] [DEBUG] [ERRNO is 2] func test_child_write_log_two() OK 2, 2222 [src/test_log.c] [43]
[2017.06.09 09:33:41] [DEBUG] [SUCCESS] func test_child_write_log() OK 1, 1111 [src/test_log.c] [34]
[2017.06.09 09:33:41] [DEBUG] [SUCCESS] func test_child_write_log() OK 1, 1111 [src/test_log.c] [34]
[2017.06.09 09:33:41] [DEBUG] [ERRNO is 2] func test_child_write_log_two() OK 2, 2222 [src/test_log.c] [43]
[2017.06.09 09:33:41] [DEBUG] [ERRNO is 2] func test_child_write_log_two() OK 2, 2222 [src/test_log.c] [43]
[2017.06.09 09:33:41] [DEBUG] [ERRNO is 2] func test_child_write_log_two() OK 2, 2222 [src/test_log.c] [43]
[2017.06.09 09:33:41] [DEBUG] [ERRNO is 2] func test_child_write_log_two() OK 2, 2222 [src/test_log.c] [43]
[2017.06.09 09:33:41] [DEBUG] [SUCCESS] func test_child_write_log() OK 1, 1111 [src/test_log.c] [34]
[2017.06.09 09:33:41] [DEBUG] [ERRNO is 2] func test_child_write_log_two() OK 2, 2222 [src/test_log.c] [43]
[2017.06.09 09:33:41] [DEBUG] [ERRNO is 2] func test_child_write_log_two() OK 2, 2222 [src/test_log.c] [43]
[2017.06.09 09:33:41] [DEBUG] [ERRNO is 2] func test_child_write_log_two() OK 2, 2222 [src/test_log.c] [43]
[2017.06.09 09:33:41] [DEBUG] [ERRNO is 2] func test_child_write_log_two() OK 2, 2222 [src/test_log.c] [43]
[2017.06.09 09:33:41] [DEBUG] [ERRNO is 2] func test_child_write_log_two() OK 2, 2222 [src/test_log.c] [43]
[2017.06.09 09:33:41] [DEBUG] [ERRNO is 2] func test_child_write_log_two() OK 2, 2222 [src/test_log.c] [43]
[2017.06.09 09:33:41] [DEBUG] [ERRNO is 3] func test_child_write_log_three() OK 3, 3333 [src/test_log.c] [53]
[2017.06.09 09:33:41] [DEBUG] [SUCCESS] func test_child_write_log() OK 1, 1111 [src/test_log.c] [34]
[2017.06.09 09:33:41] [DEBUG] [ERRNO is 2] func test_child_write_log_two() OK 2, 2222 [src/test_log.c] [43]
[2017.06.09 09:33:41] [DEBUG] [ERRNO is 2] func test_child_write_log_two() OK 2, 2222 [src/test_log.c] [43]
[2017.06.09 09:33:41] [DEBUG] [SUCCESS] func test_child_write_log() OK 1, 1111 [src/test_log.c] [34]
[2017.06.09 09:33:41] [DEBUG] [ERRNO is 2] func test_child_write_log_two() OK 2, 2222 [src/test_log.c] [43]
[2017.06.09 09:33:41] [DEBUG] [ERRNO is 2] func test_child_write_log_two() OK 2, 2222 [src/test_log.c] [43]
[2017.06.09 09:33:41] [DEBUG] [ERRNO is 2] func test_child_write_log_two() OK 2, 2222 [src/test_log.c] [43]
[2017.06.09 09:33:41] [DEBUG] [SUCCESS] func test_child_write_log() OK 1, 1111 [src/test_log.c] [34]
[2017.06.09 09:33:41] [DEBUG] [ERRNO is 2] func test_child_write_log_two() OK 2, 2222 [src/test_log.c] [43]
[2017.06.09 09:33:41] [DEBUG] [SUCCESS] func test_child_write_log() OK 1, 1111 [src/test_log.c] [34]
[2017.06.09 09:33:41] [DEBUG] [SUCCESS] func test_child_write_log() OK 1, 1111 [src/test_log.c] [34]
[2017.06.09 09:33:41] [DEBUG] [SUCCESS] func test_child_write_log() OK 1, 1111 [src/test_log.c] [34]
[2017.06.09 09:33:41] [DEBUG] [SUCCESS] func test_child_write_log() OK 1, 1111 [src/test_log.c] [34]
[2017.06.09 09:33:41] [DEBUG] [ERRNO is 4] func test_child_write_log_four() OK 4, 4444 [src/test_log.c] [61]
[2017.06.09 09:33:41] [DEBUG] [ERRNO is 5] func test_child_write_log_five() OK 5, 5555 [src/test_log.c] [69]
[2017.06.09 09:33:41] [DEBUG] [ERRNO is 5] func test_child_write_log_five() OK 5, 5555 [src/test_log.c] [69]
[2017.06.09 09:33:41] [DEBUG] [ERRNO is 5] func test_child_write_log_five() OK 5, 5555 [src/test_log.c] [69]
[2017.06.09 09:33:41] [DEBUG] [ERRNO is 5] func test_child_write_log_five() OK 5, 5555 [src/test_log.c] [69]
[2017.06.09 09:33:41] [DEBUG] [ERRNO is 3] func test_child_write_log_three() OK 3, 3333 [src/test_log.c] [53]
[2017.06.09 09:33:41] [DEBUG] [ERRNO is 5] func test_child_write_log_five() OK 5, 5555 [src/test_log.c] [69]
[2017.06.09 09:33:41] [DEBUG] [ERRNO is 3] func test_child_write_log_three() OK 3, 3333 [src/test_log.c] [53]
[2017.06.09 09:33:41] [DEBUG] [ERRNO is 4] func test_child_write_log_four() OK 4, 4444 [src/test_log.c] [61]
[2017.06.09 09:33:41] [DEBUG] [ERRNO is 4] func test_child_write_log_four() OK 4, 4444 [src/test_log.c] [61]
[2017.06.09 09:33:41] [DEBUG] [ERRNO is 4] func test_child_write_log_four() OK 4, 4444 [src/test_log.c] [61]
[2017.06.09 09:33:41] [DEBUG] [ERRNO is 4] func test_child_write_log_four() OK 4, 4444 [src/test_log.c] [61]
[2017.06.09 09:33:41] [DEBUG] [ERRNO is 2] func test_child_write_log_six() OK 6, 6666 [src/test_log.c] [78]
[2017.06.09 09:33:41] [DEBUG] [ERRNO is 4] func test_child_write_log_four() OK 4, 4444 [src/test_log.c] [61]
[2017.06.09 09:33:41] [DEBUG] [ERRNO is 5] func test_child_write_log_five() OK 5, 5555 [src/test_log.c] [69]
[2017.06.09 09:33:41] [DEBUG] [ERRNO is 4] func test_child_write_log_four() OK 4, 4444 [src/test_log.c] [61]
[2017.06.09 09:33:41] [DEBUG] [ERRNO is 4] func test_child_write_log_four() OK 4, 4444 [src/test_log.c] [61]
[2017.06.09 09:33:41] [DEBUG] [ERRNO is 3] func test_child_write_log_three() OK 3, 3333 [src/test_log.c] [53]
[2017.06.09 09:33:41] [DEBUG] [ERRNO is 4] func test_child_write_log_four() OK 4, 4444 [src/test_log.c] [61]
[2017.06.09 09:33:41] [DEBUG] [ERRNO is 5] func test_child_write_log_five() OK 5, 5555 [src/test_log.c] [69]
[2017.06.09 09:33:41] [DEBUG] [ERRNO is 5] func test_child_write_log_five() OK 5, 5555 [src/test_log.c] [69]
[2017.06.09 09:33:41] [DEBUG] [ERRNO is 2] func test_child_write_log_six() OK 6, 6666 [src/test_log.c] [78]
[2017.06.09 09:33:41] [DEBUG] [ERRNO is 2] func test_child_write_log_six() OK 6, 6666 [src/test_log.c] [78]
[2017.06.09 09:33:41] [DEBUG] [ERRNO is 4] func test_child_write_log_four() OK 4, 4444 [src/test_log.c] [61]
[2017.06.09 09:33:41] [DEBUG] [ERRNO is 4] func test_child_write_log_four() OK 4, 4444 [src/test_log.c] [61]
[2017.06.09 09:33:41] [DEBUG] [ERRNO is 2] func test_child_write_log_six() OK 6, 6666 [src/test_log.c] [78]
[2017.06.09 09:33:41] [DEBUG] [ERRNO is 2] func test_child_write_log_six() OK 6, 6666 [src/test_log.c] [78]
[2017.06.09 09:33:41] [DEBUG] [ERRNO is 5] func test_child_write_log_five() OK 5, 5555 [src/test_log.c] [69]
[2017.06.09 09:33:41] [DEBUG] [ERRNO is 5] func test_child_write_log_five() OK 5, 5555 [src/test_log.c] [69]
[2017.06.09 09:33:41] [DEBUG] [ERRNO is 5] func test_child_write_log_five() OK 5, 5555 [src/test_log.c] [69]
[2017.06.09 09:33:41] [DEBUG] [ERRNO is 5] func test_child_write_log_five() OK 5, 5555 [src/test_log.c] [69]
[2017.06.09 09:33:41] [DEBUG] [ERRNO is 4] func test_child_write_log_four() OK 4, 4444 [src/test_log.c] [61]
[2017.06.09 09:33:41] [DEBUG] [ERRNO is 4] func test_child_write_log_four() OK 4, 4444 [src/test_log.c] [61]
[2017.06.09 09:33:41] [DEBUG] [ERRNO is 4] func test_child_write_log_four() OK 4, 4444 [src/test_log.c] [61]
[2017.06.09 09:33:41] [DEBUG] [ERRNO is 5] func test_child_write_log_five() OK 5, 5555 [src/test_log.c] [69]
[2017.06.09 09:33:41] [DEBUG] [ERRNO is 4] func test_child_write_log_four() OK 4, 4444 [src/test_log.c] [61]
[2017.06.09 09:33:41] [DEBUG] [ERRNO is 3] func test_child_write_log_three() OK 3, 3333 [src/test_log.c] [53]
[2017.06.09 09:33:41] [DEBUG] [ERRNO is 4] func test_child_write_log_four() OK 4, 4444 [src/test_log.c] [61]
[2017.06.09 09:33:41] [DEBUG] [ERRNO is 3] func test_child_write_log_three() OK 3, 3333 [src/test_log.c] [53]
[2017.06.09 09:33:41] [DEBUG] [ERRNO is 4] func test_child_write_log_four() OK 4, 4444 [src/test_log.c] [61]
[2017.06.09 09:33:41] [DEBUG] [ERRNO is 5] func test_child_write_log_five() OK 5, 5555 [src/test_log.c] [69]
[2017.06.09 09:33:41] [DEBUG] [ERRNO is 3] func test_child_write_log_three() OK 3, 3333 [src/test_log.c] [53]
[2017.06.09 09:33:41] [DEBUG] [ERRNO is 4] func test_child_write_log_four() OK 4, 4444 [src/test_log.c] [61]
[2017.06.09 09:33:41] [DEBUG] [ERRNO is 3] func test_child_write_log_three() OK 3, 3333 [src/test_log.c] [53]
[2017.06.09 09:33:41] [DEBUG] [ERRNO is 5] func test_child_write_log_five() OK 5, 5555 [src/test_log.c] [69]
[2017.06.09 09:33:41] [DEBUG] [ERRNO is 4] func test_child_write_log_four() OK 4, 4444 [src/test_log.c] [61]
[2017.06.09 09:33:41] [DEBUG] [ERRNO is 4] func test_child_write_log_four() OK 4, 4444 [src/test_log.c] [61]
[2017.06.09 09:33:41] [DEBUG] [ERRNO is 3] func test_child_write_log_three() OK 3, 3333 [src/test_log.c] [53]
[2017.06.09 09:33:42] [DEBUG] [SUCCESS] func test_child_write_log() OK 1, 1111 [src/test_log.c] [34]
[2017.06.09 09:33:42] [DEBUG] [SUCCESS] func test_child_write_log() OK 1, 1111 [src/test_log.c] [34]
[2017.06.09 09:33:42] [DEBUG] [ERRNO is 2] func test_child_write_log_two() OK 2, 2222 [src/test_log.c] [43]
[2017.06.09 09:33:42] [DEBUG] [SUCCESS] func test_child_write_log() OK 1, 1111 [src/test_log.c] [34]
[2017.06.09 09:33:42] [DEBUG] [SUCCESS] func test_child_write_log() OK 1, 1111 [src/test_log.c] [34]
[2017.06.09 09:33:42] [DEBUG] [SUCCESS] func test_child_write_log() OK 1, 1111 [src/test_log.c] [34]
[2017.06.09 09:33:42] [DEBUG] [ERRNO is 2] func test_child_write_log_two() OK 2, 2222 [src/test_log.c] [43]
[2017.06.09 09:33:42] [DEBUG] [SUCCESS] func test_child_write_log() OK 1, 1111 [src/test_log.c] [34]
[2017.06.09 09:33:42] [DEBUG] [ERRNO is 2] func test_child_write_log_two() OK 2, 2222 [src/test_log.c] [43]
[2017.06.09 09:33:42] [DEBUG] [SUCCESS] func test_child_write_log() OK 1, 1111 [src/test_log.c] [34]
[2017.06.09 09:33:42] [DEBUG] [ERRNO is 2] func test_child_write_log_two() OK 2, 2222 [src/test_log.c] [43]
[2017.06.09 09:33:42] [DEBUG] [ERRNO is 3] func test_child_write_log_three() OK 3, 3333 [src/test_log.c] [53]
[2017.06.09 09:33:42] [DEBUG] [ERRNO is 2] func test_child_write_log_two() OK 2, 2222 [src/test_log.c] [43]
[2017.06.09 09:33:42] [DEBUG] [SUCCESS] func test_child_write_log() OK 1, 1111 [src/test_log.c] [34]
[2017.06.09 09:33:42] [DEBUG] [ERRNO is 2] func test_child_write_log_two() OK 2, 2222 [src/test_log.c] [43]
[2017.06.09 09:33:42] [DEBUG] [ERRNO is 2] func test_child_write_log_two() OK 2, 2222 [src/test_log.c] [43]
[2017.06.09 09:33:42] [DEBUG] [SUCCESS] func test_child_write_log() OK 1, 1111 [src/test_log.c] [34]
[2017.06.09 09:33:42] [DEBUG] [SUCCESS] func test_child_write_log() OK 1, 1111 [src/test_log.c] [34]
[2017.06.09 09:33:42] [DEBUG] [ERRNO is 2] func test_child_write_log_two() OK 2, 2222 [src/test_log.c] [43]
[2017.06.09 09:33:42] [DEBUG] [SUCCESS] func test_child_write_log() OK 1, 1111 [src/test_log.c] [34]
[2017.06.09 09:33:42] [DEBUG] [ERRNO is 2] func test_child_write_log_two() OK 2, 2222 [src/test_log.c] [43]
[2017.06.09 09:33:42] [DEBUG] [ERRNO is 2] func test_child_write_log_two() OK 2, 2222 [src/test_log.c] [43]
[2017.06.09 09:33:42] [DEBUG] [ERRNO is 2] func test_child_write_log_two() OK 2, 2222 [src/test_log.c] [43]
[2017.06.09 09:33:42] [DEBUG] [ERRNO is 2] func test_child_write_log_two() OK 2, 2222 [src/test_log.c] [43]
[2017.06.09 09:33:42] [DEBUG] [ERRNO is 2] func test_child_write_log_two() OK 2, 2222 [src/test_log.c] [43]
[2017.06.09 09:33:42] [DEBUG] [ERRNO is 2] func test_child_write_log_two() OK 2, 2222 [src/test_log.c] [43]
[2017.06.09 09:33:42] [DEBUG] [ERRNO is 2] func test_child_write_log_two() OK 2, 2222 [src/test_log.c] [43]
[2017.06.09 09:33:42] [DEBUG] [ERRNO is 2] func test_child_write_log_two() OK 2, 2222 [src/test_log.c] [43]
[2017.06.09 09:33:42] [DEBUG] [ERRNO is 2] func test_child_write_log_two() OK 2, 2222 [src/test_log.c] [43]
[2017.06.09 09:33:42] [DEBUG] [SUCCESS] func test_child_write_log() OK 1, 1111 [src/test_log.c] [34]
[2017.06.09 09:33:42] [DEBUG] [ERRNO is 3] func test_child_write_log_three() OK 3, 3333 [src/test_log.c] [53]
[2017.06.09 09:33:42] [DEBUG] [SUCCESS] func test_child_write_log() OK 1, 1111 [src/test_log.c] [34]
[2017.06.09 09:33:42] [DEBUG] [SUCCESS] func test_child_write_log() OK 1, 1111 [src/test_log.c] [34]
[2017.06.09 09:33:42] [DEBUG] [ERRNO is 2] func test_child_write_log_two() OK 2, 2222 [src/test_log.c] [43]
[2017.06.09 09:33:42] [DEBUG] [ERRNO is 2] func test_child_write_log_two() OK 2, 2222 [src/test_log.c] [43]
[2017.06.09 09:33:42] [DEBUG] [SUCCESS] func test_child_write_log() OK 1, 1111 [src/test_log.c] [34]
[2017.06.09 09:33:42] [DEBUG] [ERRNO is 2] func test_child_write_log_two() OK 2, 2222 [src/test_log.c] [43]
[2017.06.09 09:33:42] [DEBUG] [SUCCESS] func test_child_write_log() OK 1, 1111 [src/test_log.c] [34]
[2017.06.09 09:33:42] [DEBUG] [ERRNO is 2] func test_child_write_log_two() OK 2, 2222 [src/test_log.c] [43]
[2017.06.09 09:33:42] [DEBUG] [ERRNO is 2] func test_child_write_log_two() OK 2, 2222 [src/test_log.c] [43]
[2017.06.09 09:33:42] [DEBUG] [ERRNO is 2] func test_child_write_log_two() OK 2, 2222 [src/test_log.c] [43]
[2017.06.09 09:33:42] [DEBUG] [SUCCESS] func test_child_write_log() OK 1, 1111 [src/test_log.c] [34]
[2017.06.09 09:33:42] [DEBUG] [ERRNO is 2] func test_child_write_log_two() OK 2, 2222 [src/test_log.c] [43]
[2017.06.09 09:33:42] [DEBUG] [SUCCESS] func test_child_write_log() OK 1, 1111 [src/test_log.c] [34]
[2017.06.09 09:33:42] [DEBUG] [ERRNO is 2] func test_child_write_log_two() OK 2, 2222 [src/test_log.c] [43]
[2017.06.09 09:33:42] [DEBUG] [SUCCESS] func test_child_write_log() OK 1, 1111 [src/test_log.c] [34]
[2017.06.09 09:33:42] [DEBUG] [ERRNO is 2] func test_child_write_log_two() OK 2, 2222 [src/test_log.c] [43]
[2017.06.09 09:33:42] [DEBUG] [ERRNO is 2] func test_child_write_log_two() OK 2, 2222 [src/test_log.c] [43]
[2017.06.09 09:33:42] [DEBUG] [SUCCESS] func test_child_write_log() OK 1, 1111 [src/test_log.c] [34]
[2017.06.09 09:33:42] [DEBUG] [ERRNO is 2] func test_child_write_log_two() OK 2, 2222 [src/test_log.c] [43]
[2017.06.09 09:33:42] [DEBUG] [ERRNO is 2] func test_child_write_log_two() OK 2, 2222 [src/test_log.c] [43]
[2017.06.09 09:33:42] [DEBUG] [ERRNO is 2] func test_child_write_log_two() OK 2, 2222 [src/test_log.c] [43]
[2017.06.09 09:33:42] [DEBUG] [ERRNO is 5] func test_child_write_log_five() OK 5, 5555 [src/test_log.c] [69]
[2017.06.09 09:33:42] [DEBUG] [ERRNO is 5] func test_child_write_log_five() OK 5, 5555 [src/test_log.c] [69]
[2017.06.09 09:33:42] [DEBUG] [ERRNO is 4] func test_child_write_log_four() OK 4, 4444 [src/test_log.c] [61]
[2017.06.09 09:33:42] [DEBUG] [ERRNO is 2] func test_child_write_log_six() OK 6, 6666 [src/test_log.c] [78]
[2017.06.09 09:33:42] [DEBUG] [ERRNO is 5] func test_child_write_log_five() OK 5, 5555 [src/test_log.c] [69]
[2017.06.09 09:33:42] [DEBUG] [ERRNO is 2] func test_child_write_log_six() OK 6, 6666 [src/test_log.c] [78]
[2017.06.09 09:33:42] [DEBUG] [ERRNO is 2] func test_child_write_log_six() OK 6, 6666 [src/test_log.c] [78]
[2017.06.09 09:33:42] [DEBUG] [ERRNO is 4] func test_child_write_log_four() OK 4, 4444 [src/test_log.c] [61]
[2017.06.09 09:33:42] [DEBUG] [ERRNO is 5] func test_child_write_log_five() OK 5, 5555 [src/test_log.c] [69]
[2017.06.09 09:33:42] [DEBUG] [ERRNO is 4] func test_child_write_log_four() OK 4, 4444 [src/test_log.c] [61]
[2017.06.09 09:33:42] [DEBUG] [ERRNO is 4] func test_child_write_log_four() OK 4, 4444 [src/test_log.c] [61]
[2017.06.09 09:33:42] [DEBUG] [ERRNO is 4] func test_child_write_log_four() OK 4, 4444 [src/test_log.c] [61]
[2017.06.09 09:33:42] [DEBUG] [ERRNO is 4] func test_child_write_log_four() OK 4, 4444 [src/test_log.c] [61]
[2017.06.09 09:33:42] [DEBUG] [ERRNO is 3] func test_child_write_log_three() OK 3, 3333 [src/test_log.c] [53]
[2017.06.09 09:33:42] [DEBUG] [ERRNO is 2] func test_child_write_log_six() OK 6, 6666 [src/test_log.c] [78]
[2017.06.09 09:33:42] [DEBUG] [ERRNO is 2] func test_child_write_log_six() OK 6, 6666 [src/test_log.c] [78]
[2017.06.09 09:33:42] [DEBUG] [ERRNO is 4] func test_child_write_log_four() OK 4, 4444 [src/test_log.c] [61]
[2017.06.09 09:33:42] [DEBUG] [ERRNO is 4] func test_child_write_log_four() OK 4, 4444 [src/test_log.c] [61]
[2017.06.09 09:33:42] [DEBUG] [ERRNO is 4] func test_child_write_log_four() OK 4, 4444 [src/test_log.c] [61]
[2017.06.09 09:33:42] [DEBUG] [ERRNO is 3] func test_child_write_log_three() OK 3, 3333 [src/test_log.c] [53]
[2017.06.09 09:33:42] [DEBUG] [ERRNO is 4] func test_child_write_log_four() OK 4, 4444 [src/test_log.c] [61]
[2017.06.09 09:33:42] [DEBUG] [ERRNO is 5] func test_child_write_log_five() OK 5, 5555 [src/test_log.c] [69]
[2017.06.09 09:33:42] [DEBUG] [ERRNO is 3] func test_child_write_log_three() OK 3, 3333 [src/test_log.c] [53]
[2017.06.09 09:33:42] [DEBUG] [ERRNO is 5] func test_child_write_log_five() OK 5, 5555 [src/test_log.c] [69]
[2017.06.09 09:33:42] [DEBUG] [ERRNO is 5] func test_child_write_log_five() OK 5, 5555 [src/test_log.c] [69]
[2017.06.09 09:33:42] [DEBUG] [ERRNO is 5] func test_child_write_log_five() OK 5, 5555 [src/test_log.c] [69]
[2017.06.09 09:33:42] [DEBUG] [ERRNO is 4] func test_child_write_log_four() OK 4, 4444 [src/test_log.c] [61]
[2017.06.09 09:33:42] [DEBUG] [ERRNO is 4] func test_child_write_log_four() OK 4, 4444 [src/test_log.c] [61]
[2017.06.09 09:33:42] [DEBUG] [ERRNO is 5] func test_child_write_log_five() OK 5, 5555 [src/test_log.c] [69]
[2017.06.09 09:33:42] [DEBUG] [ERRNO is 3] func test_child_write_log_three() OK 3, 3333 [src/test_log.c] [53]
[2017.06.09 09:33:42] [DEBUG] [ERRNO is 3] func test_child_write_log_three() OK 3, 3333 [src/test_log.c] [53]
[2017.06.09 09:33:42] [DEBUG] [ERRNO is 3] func test_child_write_log_three() OK 3, 3333 [src/test_log.c] [53]
[2017.06.09 09:33:42] [DEBUG] [ERRNO is 5] func test_child_write_log_five() OK 5, 5555 [src/test_log.c] [69]
[2017.06.09 09:33:42] [DEBUG] [ERRNO is 5] func test_child_write_log_five() OK 5, 5555 [src/test_log.c] [69]
[2017.06.09 09:33:42] [DEBUG] [ERRNO is 4] func test_child_write_log_four() OK 4, 4444 [src/test_log.c] [61]
[2017.06.09 09:33:42] [DEBUG] [ERRNO is 4] func test_child_write_log_four() OK 4, 4444 [src/test_log.c] [61]
[2017.06.09 09:33:42] [DEBUG] [ERRNO is 5] func test_child_write_log_five() OK 5, 5555 [src/test_log.c] [69]
[2017.06.09 09:33:42] [DEBUG] [ERRNO is 5] func test_child_write_log_five() OK 5, 5555 [src/test_log.c] [69]
[2017.06.09 09:33:42] [DEBUG] [ERRNO is 4] func test_child_write_log_four() OK 4, 4444 [src/test_log.c] [61]
[2017.06.09 09:33:42] [DEBUG] [ERRNO is 5] func test_child_write_log_five() OK 5, 5555 [src/test_log.c] [69]
[2017.06.09 09:33:42] [DEBUG] [ERRNO is 4] func test_child_write_log_four() OK 4, 4444 [src/test_log.c] [61]
[2017.06.09 09:33:42] [DEBUG] [ERRNO is 4] func test_child_write_log_four() OK 4, 4444 [src/test_log.c] [61]
[2017.06.09 09:33:42] [DEBUG] [ERRNO is 4] func test_child_write_log_four() OK 4, 4444 [src/test_log.c] [61]
[2017.06.09 09:33:42] [DEBUG] [ERRNO is 3] func test_child_write_log_three() OK 3, 3333 [src/test_log.c] [53]
[2017.06.09 09:33:42] [DEBUG] [ERRNO is 4] func test_child_write_log_four() OK 4, 4444 [src/test_log.c] [61]
[2017.06.09 09:33:42] [DEBUG] [ERRNO is 5] func test_child_write_log_five() OK 5, 5555 [src/test_log.c] [69]
[2017.06.09 09:33:42] [DEBUG] [ERRNO is 4] func test_child_write_log_four() OK 4, 4444 [src/test_log.c] [61]
[2017.06.09 09:33:42] [DEBUG] [ERRNO is 3] func test_child_write_log_three() OK 3, 3333 [src/test_log.c] [53]
